[0.022s] Invoking command in '/home/nhmgs/d2lros2/chapt2/chapt2_ws/build/example_cpp': CMAKE_PREFIX_PATH=${CMAKE_PREFIX_PATH}:/home/nhmgs/d2lros2/chapt2/chapt2_ws/install/example_py:/opt/ros/humble /usr/bin/cmake --build /home/nhmgs/d2lros2/chapt2/chapt2_ws/build/example_cpp -- -j12 -l12
[0.064s] [100%] Built target node_01
[0.302s] Invoked command in '/home/nhmgs/d2lros2/chapt2/chapt2_ws/build/example_cpp' returned '0': CMAKE_PREFIX_PATH=${CMAKE_PREFIX_PATH}:/home/nhmgs/d2lros2/chapt2/chapt2_ws/install/example_py:/opt/ros/humble /usr/bin/cmake --build /home/nhmgs/d2lros2/chapt2/chapt2_ws/build/example_cpp -- -j12 -l12
[0.332s] Invoking command in '/home/nhmgs/d2lros2/chapt2/chapt2_ws/build/example_cpp': CMAKE_PREFIX_PATH=${CMAKE_PREFIX_PATH}:/home/nhmgs/d2lros2/chapt2/chapt2_ws/install/example_py:/opt/ros/humble /usr/bin/cmake --install /home/nhmgs/d2lros2/chapt2/chapt2_ws/build/example_cpp
[0.353s] -- Install configuration: ""
[0.353s] -- Up-to-date: /home/nhmgs/d2lros2/chapt2/chapt2_ws/install/example_cpp/share/ament_index/resource_index/package_run_dependencies/example_cpp
[0.353s] -- Up-to-date: /home/nhmgs/d2lros2/chapt2/chapt2_ws/install/example_cpp/share/ament_index/resource_index/parent_prefix_path/example_cpp
[0.354s] -- Up-to-date: /home/nhmgs/d2lros2/chapt2/chapt2_ws/install/example_cpp/share/example_cpp/environment/ament_prefix_path.sh
[0.354s] -- Up-to-date: /home/nhmgs/d2lros2/chapt2/chapt2_ws/install/example_cpp/share/example_cpp/environment/ament_prefix_path.dsv
[0.354s] -- Up-to-date: /home/nhmgs/d2lros2/chapt2/chapt2_ws/install/example_cpp/share/example_cpp/environment/path.sh
[0.354s] -- Up-to-date: /home/nhmgs/d2lros2/chapt2/chapt2_ws/install/example_cpp/share/example_cpp/environment/path.dsv
[0.354s] -- Up-to-date: /home/nhmgs/d2lros2/chapt2/chapt2_ws/install/example_cpp/share/example_cpp/local_setup.bash
[0.354s] -- Up-to-date: /home/nhmgs/d2lros2/chapt2/chapt2_ws/install/example_cpp/share/example_cpp/local_setup.sh
[0.358s] -- Up-to-date: /home/nhmgs/d2lros2/chapt2/chapt2_ws/install/example_cpp/share/example_cpp/local_setup.zsh
[0.358s] -- Up-to-date: /home/nhmgs/d2lros2/chapt2/chapt2_ws/install/example_cpp/share/example_cpp/local_setup.dsv
[0.358s] -- Installing: /home/nhmgs/d2lros2/chapt2/chapt2_ws/install/example_cpp/share/example_cpp/package.dsv
[0.358s] -- Up-to-date: /home/nhmgs/d2lros2/chapt2/chapt2_ws/install/example_cpp/share/ament_index/resource_index/packages/example_cpp
[0.358s] -- Up-to-date: /home/nhmgs/d2lros2/chapt2/chapt2_ws/install/example_cpp/share/example_cpp/cmake/example_cppConfig.cmake
[0.358s] -- Up-to-date: /home/nhmgs/d2lros2/chapt2/chapt2_ws/install/example_cpp/share/example_cpp/cmake/example_cppConfig-version.cmake
[0.358s] -- Up-to-date: /home/nhmgs/d2lros2/chapt2/chapt2_ws/install/example_cpp/share/example_cpp/package.xml
[0.358s] -- Up-to-date: /home/nhmgs/d2lros2/chapt2/chapt2_ws/install/example_cpp/lib/example_cpp/node_01
[0.369s] Invoked command in '/home/nhmgs/d2lros2/chapt2/chapt2_ws/build/example_cpp' returned '0': CMAKE_PREFIX_PATH=${CMAKE_PREFIX_PATH}:/home/nhmgs/d2lros2/chapt2/chapt2_ws/install/example_py:/opt/ros/humble /usr/bin/cmake --install /home/nhmgs/d2lros2/chapt2/chapt2_ws/build/example_cpp
