[0.087s] Invoking command in '/home/nhmgs/d2lros2/build/examples_rclcpp_minimal_service': CMAKE_PREFIX_PATH=/opt/ros/humble /usr/bin/cmake /home/nhmgs/d2lros2/chapt2/colcon_test_ws/src/examples/rclcpp/services/minimal_service -DAMENT_CMAKE_SYMLINK_INSTALL=1 -DCMAKE_INSTALL_PREFIX=/home/nhmgs/d2lros2/install/examples_rclcpp_minimal_service
[0.302s] -- The C compiler identification is GNU 11.4.0
[0.751s] -- The CXX compiler identification is GNU 11.4.0
[0.962s] -- Detecting C compiler ABI info
[1.135s] -- Detecting C compiler ABI info - done
[1.164s] -- Check for working C compiler: /usr/bin/cc - skipped
[1.164s] -- Detecting C compile features
[1.165s] -- Detecting C compile features - done
[1.173s] -- Detecting CXX compiler ABI info
[1.437s] -- Detecting CXX compiler ABI info - done
[1.463s] -- Check for working CXX compiler: /usr/bin/c++ - skipped
[1.464s] -- Detecting CXX compile features
[1.466s] -- Detecting CXX compile features - done
[1.471s] -- Found ament_cmake: 1.3.9 (/opt/ros/humble/share/ament_cmake/cmake)
[1.791s] -- Found Python3: /usr/bin/python3 (found version "3.10.12") found components: Interpreter
[1.991s] -- Override CMake install command with custom implementation using symlinks instead of copying resources
[2.141s] -- Found example_interfaces: 0.9.3 (/opt/ros/humble/share/example_interfaces/cmake)
[2.486s] -- Found rosidl_generator_c: 3.1.5 (/opt/ros/humble/share/rosidl_generator_c/cmake)
[2.506s] -- Found rosidl_adapter: 3.1.5 (/opt/ros/humble/share/rosidl_adapter/cmake)
[2.537s] -- Found rosidl_generator_cpp: 3.1.5 (/opt/ros/humble/share/rosidl_generator_cpp/cmake)
[2.580s] -- Using all available rosidl_typesupport_c: rosidl_typesupport_fastrtps_c;rosidl_typesupport_introspection_c
[2.627s] -- Using all available rosidl_typesupport_cpp: rosidl_typesupport_fastrtps_cpp;rosidl_typesupport_introspection_cpp
[2.963s] -- Found rclcpp: 16.0.9 (/opt/ros/humble/share/rclcpp/cmake)
[3.117s] -- Found rmw_implementation_cmake: 6.1.2 (/opt/ros/humble/share/rmw_implementation_cmake/cmake)
[3.123s] -- Found rmw_fastrtps_cpp: 6.2.6 (/opt/ros/humble/share/rmw_fastrtps_cpp/cmake)
[3.894s] -- Found OpenSSL: /usr/lib/x86_64-linux-gnu/libcrypto.so (found version "3.0.2")
[5.022s] -- Found FastRTPS: /opt/ros/humble/include
[6.702s] -- Using RMW implementation 'rmw_fastrtps_cpp' as default
[6.725s] -- Performing Test CMAKE_HAVE_LIBC_PTHREAD
[7.006s] -- Performing Test CMAKE_HAVE_LIBC_PTHREAD - Success
[7.007s] -- Found Threads: TRUE
[7.489s] -- Found ament_lint_auto: 0.12.11 (/opt/ros/humble/share/ament_lint_auto/cmake)
[7.781s] -- Added test 'copyright' to check source files copyright and LICENSE
[7.786s] -- Added test 'cppcheck' to perform static code analysis on C / C++ code
[7.787s] -- Configured cppcheck include dirs: 
[7.787s] -- Configured cppcheck exclude dirs and/or files: 
[7.791s] -- Added test 'cpplint' to check C / C++ code against the Google style
[7.792s] -- Configured cpplint exclude dirs and/or files: 
[7.800s] -- Added test 'lint_cmake' to check CMake code style
[7.806s] -- Added test 'uncrustify' to check C / C++ code style
[7.807s] -- Configured uncrustify additional arguments: 
[7.810s] -- Added test 'xmllint' to check XML markup files
[7.813s] -- Configuring done (7.7s)
[7.845s] -- Generating done (0.0s)
[7.857s] -- Build files have been written to: /home/nhmgs/d2lros2/build/examples_rclcpp_minimal_service
[7.894s] Invoked command in '/home/nhmgs/d2lros2/build/examples_rclcpp_minimal_service' returned '0': CMAKE_PREFIX_PATH=/opt/ros/humble /usr/bin/cmake /home/nhmgs/d2lros2/chapt2/colcon_test_ws/src/examples/rclcpp/services/minimal_service -DAMENT_CMAKE_SYMLINK_INSTALL=1 -DCMAKE_INSTALL_PREFIX=/home/nhmgs/d2lros2/install/examples_rclcpp_minimal_service
[7.895s] Invoking command in '/home/nhmgs/d2lros2/build/examples_rclcpp_minimal_service': CMAKE_PREFIX_PATH=/opt/ros/humble /usr/bin/cmake --build /home/nhmgs/d2lros2/build/examples_rclcpp_minimal_service -- -j12 -l12
[8.861s] [ 50%] [32mBuilding CXX object CMakeFiles/service_main.dir/main.cpp.o[0m
[253.296s] gmake[2]: *** [CMakeFiles/service_main.dir/build.make:76: CMakeFiles/service_main.dir/main.cpp.o] Interrupt
[253.297s] gmake[1]: *** [CMakeFiles/Makefile2:137: CMakeFiles/service_main.dir/all] Interrupt
[253.311s] gmake: *** [Makefile:146: all] Interrupt
[253.542s] Invoked command in '/home/nhmgs/d2lros2/build/examples_rclcpp_minimal_service' returned '-2': CMAKE_PREFIX_PATH=/opt/ros/humble /usr/bin/cmake --build /home/nhmgs/d2lros2/build/examples_rclcpp_minimal_service -- -j12 -l12
