[0.760s] Invoking command in '/home/nhmgs/d2lros2/chapt2/chapt2_ws/src/example_py': PYTHONPATH=/home/nhmgs/d2lros2/chapt2/chapt2_ws/build/example_py/prefix_override:/home/nhmgs/d2lros2/chapt2/chapt2_ws/install/example_py/lib/python3.10/site-packages:${PYTHONPATH} /usr/bin/python3 -W ignore:setup.py install is deprecated setup.py egg_info --egg-base ../../build/example_py build --build-base /home/nhmgs/d2lros2/chapt2/chapt2_ws/build/example_py/build install --record /home/nhmgs/d2lros2/chapt2/chapt2_ws/build/example_py/install.log --single-version-externally-managed install_data
[1.038s] running egg_info
[1.039s] creating ../../build/example_py/example_py.egg-info
[1.039s] writing ../../build/example_py/example_py.egg-info/PKG-INFO
[1.039s] writing dependency_links to ../../build/example_py/example_py.egg-info/dependency_links.txt
[1.039s] writing entry points to ../../build/example_py/example_py.egg-info/entry_points.txt
[1.040s] writing requirements to ../../build/example_py/example_py.egg-info/requires.txt
[1.040s] writing top-level names to ../../build/example_py/example_py.egg-info/top_level.txt
[1.040s] writing manifest file '../../build/example_py/example_py.egg-info/SOURCES.txt'
[1.041s] reading manifest file '../../build/example_py/example_py.egg-info/SOURCES.txt'
[1.042s] writing manifest file '../../build/example_py/example_py.egg-info/SOURCES.txt'
[1.042s] running build
[1.042s] running build_py
[1.042s] creating /home/nhmgs/d2lros2/chapt2/chapt2_ws/build/example_py/build
[1.042s] creating /home/nhmgs/d2lros2/chapt2/chapt2_ws/build/example_py/build/lib
[1.043s] creating /home/nhmgs/d2lros2/chapt2/chapt2_ws/build/example_py/build/lib/example_py
[1.043s] copying example_py/__init__.py -> /home/nhmgs/d2lros2/chapt2/chapt2_ws/build/example_py/build/lib/example_py
[1.043s] copying example_py/node_02.py -> /home/nhmgs/d2lros2/chapt2/chapt2_ws/build/example_py/build/lib/example_py
[1.043s] running install
[1.043s] running install_lib
[1.043s] creating /home/nhmgs/d2lros2/chapt2/chapt2_ws/install/example_py/lib/python3.10/site-packages/example_py
[1.043s] copying /home/nhmgs/d2lros2/chapt2/chapt2_ws/build/example_py/build/lib/example_py/__init__.py -> /home/nhmgs/d2lros2/chapt2/chapt2_ws/install/example_py/lib/python3.10/site-packages/example_py
[1.043s] copying /home/nhmgs/d2lros2/chapt2/chapt2_ws/build/example_py/build/lib/example_py/node_02.py -> /home/nhmgs/d2lros2/chapt2/chapt2_ws/install/example_py/lib/python3.10/site-packages/example_py
[1.044s] byte-compiling /home/nhmgs/d2lros2/chapt2/chapt2_ws/install/example_py/lib/python3.10/site-packages/example_py/__init__.py to __init__.cpython-310.pyc
[1.047s] byte-compiling /home/nhmgs/d2lros2/chapt2/chapt2_ws/install/example_py/lib/python3.10/site-packages/example_py/node_02.py to node_02.cpython-310.pyc
[1.048s] running install_data
[1.048s] creating /home/nhmgs/d2lros2/chapt2/chapt2_ws/install/example_py/share/ament_index
[1.048s] creating /home/nhmgs/d2lros2/chapt2/chapt2_ws/install/example_py/share/ament_index/resource_index
[1.048s] creating /home/nhmgs/d2lros2/chapt2/chapt2_ws/install/example_py/share/ament_index/resource_index/packages
[1.048s] copying resource/example_py -> /home/nhmgs/d2lros2/chapt2/chapt2_ws/install/example_py/share/ament_index/resource_index/packages
[1.048s] copying package.xml -> /home/nhmgs/d2lros2/chapt2/chapt2_ws/install/example_py/share/example_py
[1.048s] running install_egg_info
[1.049s] Copying ../../build/example_py/example_py.egg-info to /home/nhmgs/d2lros2/chapt2/chapt2_ws/install/example_py/lib/python3.10/site-packages/example_py-0.0.0-py3.10.egg-info
[1.050s] running install_scripts
[1.073s] Installing node_02 script to /home/nhmgs/d2lros2/chapt2/chapt2_ws/install/example_py/lib/example_py
[1.074s] writing list of installed files to '/home/nhmgs/d2lros2/chapt2/chapt2_ws/build/example_py/install.log'
[1.108s] Invoked command in '/home/nhmgs/d2lros2/chapt2/chapt2_ws/src/example_py' returned '0': PYTHONPATH=/home/nhmgs/d2lros2/chapt2/chapt2_ws/build/example_py/prefix_override:/home/nhmgs/d2lros2/chapt2/chapt2_ws/install/example_py/lib/python3.10/site-packages:${PYTHONPATH} /usr/bin/python3 -W ignore:setup.py install is deprecated setup.py egg_info --egg-base ../../build/example_py build --build-base /home/nhmgs/d2lros2/chapt2/chapt2_ws/build/example_py/build install --record /home/nhmgs/d2lros2/chapt2/chapt2_ws/build/example_py/install.log --single-version-externally-managed install_data
