[0.167s] DEBUG:colcon:Command line arguments: ['/usr/bin/colcon', 'build']
[0.168s] DEBUG:colcon:Parsed command line arguments: Namespace(log_base=None, log_level=None, verb_name='build', build_base='build', install_base='install', merge_install=False, symlink_install=False, test_result_base=None, continue_on_error=False, executor='parallel', parallel_workers=12, event_handlers=None, ignore_user_meta=False, metas=['./colcon.meta'], base_paths=['.'], packages_ignore=None, packages_ignore_regex=None, paths=None, packages_up_to=None, packages_up_to_regex=None, packages_above=None, packages_above_and_dependencies=None, packages_above_depth=None, packages_select_by_dep=None, packages_skip_by_dep=None, packages_skip_up_to=None, packages_select_build_failed=False, packages_skip_build_finished=False, packages_select_test_failures=False, packages_skip_test_passed=False, packages_select=None, packages_skip=None, packages_select_regex=None, packages_skip_regex=None, packages_start=None, packages_end=None, allow_overriding=[], cmake_args=None, cmake_target=None, cmake_target_skip_unavailable=False, cmake_clean_cache=False, cmake_clean_first=False, cmake_force_configure=False, ament_cmake_args=None, catkin_cmake_args=None, catkin_skip_building_tests=False, verb_parser=<colcon_defaults.argument_parser.defaults.DefaultArgumentsDecorator object at 0x7faf4757f4c0>, verb_extension=<colcon_core.verb.build.BuildVerb object at 0x7faf4757e6b0>, main=<bound method BuildVerb.main of <colcon_core.verb.build.BuildVerb object at 0x7faf4757e6b0>>)
[0.291s] Level 1:colcon.colcon_core.package_discovery:discover_packages(colcon_meta) check parameters
[0.291s] Level 1:colcon.colcon_core.package_discovery:discover_packages(recursive) check parameters
[0.291s] Level 1:colcon.colcon_core.package_discovery:discover_packages(ignore) check parameters
[0.291s] Level 1:colcon.colcon_core.package_discovery:discover_packages(path) check parameters
[0.292s] Level 1:colcon.colcon_core.package_discovery:discover_packages(colcon_meta) discover
[0.292s] Level 1:colcon.colcon_core.package_discovery:discover_packages(recursive) discover
[0.292s] INFO:colcon.colcon_core.package_discovery:Crawling recursively for packages in '/home/nhmgs/d2lros2/chapt2/chapt2_ws'
[0.294s] Level 1:colcon.colcon_core.package_identification:_identify(.) by extensions ['ignore', 'ignore_ament_install']
[0.295s] Level 1:colcon.colcon_core.package_identification:_identify(.) by extension 'ignore'
[0.295s] Level 1:colcon.colcon_core.package_identification:_identify(.) by extension 'ignore_ament_install'
[0.295s] Level 1:colcon.colcon_core.package_identification:_identify(.) by extensions ['colcon_pkg']
[0.295s] Level 1:colcon.colcon_core.package_identification:_identify(.) by extension 'colcon_pkg'
[0.295s] Level 1:colcon.colcon_core.package_identification:_identify(.) by extensions ['colcon_meta']
[0.295s] Level 1:colcon.colcon_core.package_identification:_identify(.) by extension 'colcon_meta'
[0.295s] Level 1:colcon.colcon_core.package_identification:_identify(.) by extensions ['ros']
[0.295s] Level 1:colcon.colcon_core.package_identification:_identify(.) by extension 'ros'
[0.305s] Level 1:colcon.colcon_core.package_identification:_identify(.) by extensions ['cmake', 'python']
[0.305s] Level 1:colcon.colcon_core.package_identification:_identify(.) by extension 'cmake'
[0.305s] Level 1:colcon.colcon_core.package_identification:_identify(.) by extension 'python'
[0.305s] Level 1:colcon.colcon_core.package_identification:_identify(.) by extensions ['python_setup_py']
[0.305s] Level 1:colcon.colcon_core.package_identification:_identify(.) by extension 'python_setup_py'
[0.306s] Level 1:colcon.colcon_core.package_identification:_identify(build) by extensions ['ignore', 'ignore_ament_install']
[0.306s] Level 1:colcon.colcon_core.package_identification:_identify(build) by extension 'ignore'
[0.306s] Level 1:colcon.colcon_core.package_identification:_identify(build) ignored
[0.306s] Level 1:colcon.colcon_core.package_identification:_identify(install) by extensions ['ignore', 'ignore_ament_install']
[0.306s] Level 1:colcon.colcon_core.package_identification:_identify(install) by extension 'ignore'
[0.306s] Level 1:colcon.colcon_core.package_identification:_identify(install) ignored
[0.306s] Level 1:colcon.colcon_core.package_identification:_identify(log) by extensions ['ignore', 'ignore_ament_install']
[0.306s] Level 1:colcon.colcon_core.package_identification:_identify(log) by extension 'ignore'
[0.306s] Level 1:colcon.colcon_core.package_identification:_identify(log) ignored
[0.306s] Level 1:colcon.colcon_core.package_identification:_identify(src) by extensions ['ignore', 'ignore_ament_install']
[0.306s] Level 1:colcon.colcon_core.package_identification:_identify(src) by extension 'ignore'
[0.306s] Level 1:colcon.colcon_core.package_identification:_identify(src) by extension 'ignore_ament_install'
[0.306s] Level 1:colcon.colcon_core.package_identification:_identify(src) by extensions ['colcon_pkg']
[0.306s] Level 1:colcon.colcon_core.package_identification:_identify(src) by extension 'colcon_pkg'
[0.306s] Level 1:colcon.colcon_core.package_identification:_identify(src) by extensions ['colcon_meta']
[0.306s] Level 1:colcon.colcon_core.package_identification:_identify(src) by extension 'colcon_meta'
[0.306s] Level 1:colcon.colcon_core.package_identification:_identify(src) by extensions ['ros']
[0.306s] Level 1:colcon.colcon_core.package_identification:_identify(src) by extension 'ros'
[0.306s] Level 1:colcon.colcon_core.package_identification:_identify(src) by extensions ['cmake', 'python']
[0.306s] Level 1:colcon.colcon_core.package_identification:_identify(src) by extension 'cmake'
[0.306s] Level 1:colcon.colcon_core.package_identification:_identify(src) by extension 'python'
[0.306s] Level 1:colcon.colcon_core.package_identification:_identify(src) by extensions ['python_setup_py']
[0.306s] Level 1:colcon.colcon_core.package_identification:_identify(src) by extension 'python_setup_py'
[0.306s] Level 1:colcon.colcon_core.package_identification:_identify(src/example) by extensions ['ignore', 'ignore_ament_install']
[0.306s] Level 1:colcon.colcon_core.package_identification:_identify(src/example) by extension 'ignore'
[0.306s] Level 1:colcon.colcon_core.package_identification:_identify(src/example) by extension 'ignore_ament_install'
[0.306s] Level 1:colcon.colcon_core.package_identification:_identify(src/example) by extensions ['colcon_pkg']
[0.306s] Level 1:colcon.colcon_core.package_identification:_identify(src/example) by extension 'colcon_pkg'
[0.306s] Level 1:colcon.colcon_core.package_identification:_identify(src/example) by extensions ['colcon_meta']
[0.306s] Level 1:colcon.colcon_core.package_identification:_identify(src/example) by extension 'colcon_meta'
[0.306s] Level 1:colcon.colcon_core.package_identification:_identify(src/example) by extensions ['ros']
[0.306s] Level 1:colcon.colcon_core.package_identification:_identify(src/example) by extension 'ros'
[0.308s] DEBUG:colcon.colcon_core.package_identification:Package 'src/example' with type 'ros.ament_cmake' and name 'example'
[0.308s] Level 1:colcon.colcon_core.package_identification:_identify(src/example_cpp) by extensions ['ignore', 'ignore_ament_install']
[0.309s] Level 1:colcon.colcon_core.package_identification:_identify(src/example_cpp) by extension 'ignore'
[0.309s] Level 1:colcon.colcon_core.package_identification:_identify(src/example_cpp) by extension 'ignore_ament_install'
[0.309s] Level 1:colcon.colcon_core.package_identification:_identify(src/example_cpp) by extensions ['colcon_pkg']
[0.309s] Level 1:colcon.colcon_core.package_identification:_identify(src/example_cpp) by extension 'colcon_pkg'
[0.309s] Level 1:colcon.colcon_core.package_identification:_identify(src/example_cpp) by extensions ['colcon_meta']
[0.309s] Level 1:colcon.colcon_core.package_identification:_identify(src/example_cpp) by extension 'colcon_meta'
[0.309s] Level 1:colcon.colcon_core.package_identification:_identify(src/example_cpp) by extensions ['ros']
[0.309s] Level 1:colcon.colcon_core.package_identification:_identify(src/example_cpp) by extension 'ros'
[0.309s] DEBUG:colcon.colcon_core.package_identification:Package 'src/example_cpp' with type 'ros.ament_cmake' and name 'example_cpp'
[0.309s] Level 1:colcon.colcon_core.package_identification:_identify(src/example_py) by extensions ['ignore', 'ignore_ament_install']
[0.310s] Level 1:colcon.colcon_core.package_identification:_identify(src/example_py) by extension 'ignore'
[0.310s] Level 1:colcon.colcon_core.package_identification:_identify(src/example_py) by extension 'ignore_ament_install'
[0.310s] Level 1:colcon.colcon_core.package_identification:_identify(src/example_py) by extensions ['colcon_pkg']
[0.310s] Level 1:colcon.colcon_core.package_identification:_identify(src/example_py) by extension 'colcon_pkg'
[0.310s] Level 1:colcon.colcon_core.package_identification:_identify(src/example_py) by extensions ['colcon_meta']
[0.310s] Level 1:colcon.colcon_core.package_identification:_identify(src/example_py) by extension 'colcon_meta'
[0.310s] Level 1:colcon.colcon_core.package_identification:_identify(src/example_py) by extensions ['ros']
[0.310s] Level 1:colcon.colcon_core.package_identification:_identify(src/example_py) by extension 'ros'
[0.310s] DEBUG:colcon.colcon_core.package_identification:Package 'src/example_py' with type 'ros.ament_python' and name 'example_py'
[0.311s] Level 1:colcon.colcon_core.package_discovery:discover_packages(recursive) using defaults
[0.311s] Level 1:colcon.colcon_core.package_discovery:discover_packages(ignore) discover
[0.311s] Level 1:colcon.colcon_core.package_discovery:discover_packages(ignore) using defaults
[0.311s] Level 1:colcon.colcon_core.package_discovery:discover_packages(path) discover
[0.311s] Level 1:colcon.colcon_core.package_discovery:discover_packages(path) using defaults
[0.337s] Level 1:colcon.colcon_core.package_discovery:discover_packages(prefix_path) check parameters
[0.337s] Level 1:colcon.colcon_core.package_discovery:discover_packages(prefix_path) discover
[0.338s] DEBUG:colcon.colcon_installed_package_information.package_discovery:Found 285 installed packages in /opt/ros/humble
[0.339s] Level 1:colcon.colcon_core.package_discovery:discover_packages(prefix_path) using defaults
[0.386s] Level 5:colcon.colcon_core.verb:set package 'example' build argument 'cmake_args' from command line to 'None'
[0.386s] Level 5:colcon.colcon_core.verb:set package 'example' build argument 'cmake_target' from command line to 'None'
[0.386s] Level 5:colcon.colcon_core.verb:set package 'example' build argument 'cmake_target_skip_unavailable' from command line to 'False'
[0.386s] Level 5:colcon.colcon_core.verb:set package 'example' build argument 'cmake_clean_cache' from command line to 'False'
[0.386s] Level 5:colcon.colcon_core.verb:set package 'example' build argument 'cmake_clean_first' from command line to 'False'
[0.386s] Level 5:colcon.colcon_core.verb:set package 'example' build argument 'cmake_force_configure' from command line to 'False'
[0.386s] Level 5:colcon.colcon_core.verb:set package 'example' build argument 'ament_cmake_args' from command line to 'None'
[0.386s] Level 5:colcon.colcon_core.verb:set package 'example' build argument 'catkin_cmake_args' from command line to 'None'
[0.386s] Level 5:colcon.colcon_core.verb:set package 'example' build argument 'catkin_skip_building_tests' from command line to 'False'
[0.386s] DEBUG:colcon.colcon_core.verb:Building package 'example' with the following arguments: {'ament_cmake_args': None, 'build_base': '/home/nhmgs/d2lros2/chapt2/chapt2_ws/build/example', 'catkin_cmake_args': None, 'catkin_skip_building_tests': False, 'cmake_args': None, 'cmake_clean_cache': False, 'cmake_clean_first': False, 'cmake_force_configure': False, 'cmake_target': None, 'cmake_target_skip_unavailable': False, 'install_base': '/home/nhmgs/d2lros2/chapt2/chapt2_ws/install/example', 'merge_install': False, 'path': '/home/nhmgs/d2lros2/chapt2/chapt2_ws/src/example', 'symlink_install': False, 'test_result_base': None}
[0.386s] Level 5:colcon.colcon_core.verb:set package 'example_cpp' build argument 'cmake_args' from command line to 'None'
[0.386s] Level 5:colcon.colcon_core.verb:set package 'example_cpp' build argument 'cmake_target' from command line to 'None'
[0.386s] Level 5:colcon.colcon_core.verb:set package 'example_cpp' build argument 'cmake_target_skip_unavailable' from command line to 'False'
[0.386s] Level 5:colcon.colcon_core.verb:set package 'example_cpp' build argument 'cmake_clean_cache' from command line to 'False'
[0.386s] Level 5:colcon.colcon_core.verb:set package 'example_cpp' build argument 'cmake_clean_first' from command line to 'False'
[0.386s] Level 5:colcon.colcon_core.verb:set package 'example_cpp' build argument 'cmake_force_configure' from command line to 'False'
[0.386s] Level 5:colcon.colcon_core.verb:set package 'example_cpp' build argument 'ament_cmake_args' from command line to 'None'
[0.386s] Level 5:colcon.colcon_core.verb:set package 'example_cpp' build argument 'catkin_cmake_args' from command line to 'None'
[0.386s] Level 5:colcon.colcon_core.verb:set package 'example_cpp' build argument 'catkin_skip_building_tests' from command line to 'False'
[0.386s] DEBUG:colcon.colcon_core.verb:Building package 'example_cpp' with the following arguments: {'ament_cmake_args': None, 'build_base': '/home/nhmgs/d2lros2/chapt2/chapt2_ws/build/example_cpp', 'catkin_cmake_args': None, 'catkin_skip_building_tests': False, 'cmake_args': None, 'cmake_clean_cache': False, 'cmake_clean_first': False, 'cmake_force_configure': False, 'cmake_target': None, 'cmake_target_skip_unavailable': False, 'install_base': '/home/nhmgs/d2lros2/chapt2/chapt2_ws/install/example_cpp', 'merge_install': False, 'path': '/home/nhmgs/d2lros2/chapt2/chapt2_ws/src/example_cpp', 'symlink_install': False, 'test_result_base': None}
[0.387s] Level 5:colcon.colcon_core.verb:set package 'example_py' build argument 'cmake_args' from command line to 'None'
[0.387s] Level 5:colcon.colcon_core.verb:set package 'example_py' build argument 'cmake_target' from command line to 'None'
[0.387s] Level 5:colcon.colcon_core.verb:set package 'example_py' build argument 'cmake_target_skip_unavailable' from command line to 'False'
[0.387s] Level 5:colcon.colcon_core.verb:set package 'example_py' build argument 'cmake_clean_cache' from command line to 'False'
[0.387s] Level 5:colcon.colcon_core.verb:set package 'example_py' build argument 'cmake_clean_first' from command line to 'False'
[0.387s] Level 5:colcon.colcon_core.verb:set package 'example_py' build argument 'cmake_force_configure' from command line to 'False'
[0.387s] Level 5:colcon.colcon_core.verb:set package 'example_py' build argument 'ament_cmake_args' from command line to 'None'
[0.387s] Level 5:colcon.colcon_core.verb:set package 'example_py' build argument 'catkin_cmake_args' from command line to 'None'
[0.387s] Level 5:colcon.colcon_core.verb:set package 'example_py' build argument 'catkin_skip_building_tests' from command line to 'False'
[0.387s] DEBUG:colcon.colcon_core.verb:Building package 'example_py' with the following arguments: {'ament_cmake_args': None, 'build_base': '/home/nhmgs/d2lros2/chapt2/chapt2_ws/build/example_py', 'catkin_cmake_args': None, 'catkin_skip_building_tests': False, 'cmake_args': None, 'cmake_clean_cache': False, 'cmake_clean_first': False, 'cmake_force_configure': False, 'cmake_target': None, 'cmake_target_skip_unavailable': False, 'install_base': '/home/nhmgs/d2lros2/chapt2/chapt2_ws/install/example_py', 'merge_install': False, 'path': '/home/nhmgs/d2lros2/chapt2/chapt2_ws/src/example_py', 'symlink_install': False, 'test_result_base': None}
[0.387s] INFO:colcon.colcon_core.executor:Executing jobs using 'parallel' executor
[0.388s] DEBUG:colcon.colcon_parallel_executor.executor.parallel:run_until_complete
[0.388s] INFO:colcon.colcon_ros.task.ament_cmake.build:Building ROS package in '/home/nhmgs/d2lros2/chapt2/chapt2_ws/src/example' with build type 'ament_cmake'
[0.388s] INFO:colcon.colcon_cmake.task.cmake.build:Building CMake package in '/home/nhmgs/d2lros2/chapt2/chapt2_ws/src/example'
[0.390s] INFO:colcon.colcon_core.plugin_system:Skipping extension 'colcon_core.shell.bat': Not used on non-Windows systems
[0.390s] INFO:colcon.colcon_core.shell:Skip shell extension 'powershell' for command environment: Not usable outside of PowerShell
[0.390s] DEBUG:colcon.colcon_core.shell:Skip shell extension 'dsv' for command environment
[0.395s] INFO:colcon.colcon_ros.task.ament_cmake.build:Building ROS package in '/home/nhmgs/d2lros2/chapt2/chapt2_ws/src/example_cpp' with build type 'ament_cmake'
[0.395s] INFO:colcon.colcon_cmake.task.cmake.build:Building CMake package in '/home/nhmgs/d2lros2/chapt2/chapt2_ws/src/example_cpp'
[0.395s] INFO:colcon.colcon_core.shell:Skip shell extension 'powershell' for command environment: Not usable outside of PowerShell
[0.395s] DEBUG:colcon.colcon_core.shell:Skip shell extension 'dsv' for command environment
[0.397s] INFO:colcon.colcon_ros.task.ament_python.build:Building ROS package in '/home/nhmgs/d2lros2/chapt2/chapt2_ws/src/example_py' with build type 'ament_python'
[0.397s] Level 1:colcon.colcon_core.shell:create_environment_hook('example_py', 'ament_prefix_path')
[0.398s] INFO:colcon.colcon_core.shell:Creating environment hook '/home/nhmgs/d2lros2/chapt2/chapt2_ws/install/example_py/share/example_py/hook/ament_prefix_path.ps1'
[0.399s] INFO:colcon.colcon_core.shell:Creating environment descriptor '/home/nhmgs/d2lros2/chapt2/chapt2_ws/install/example_py/share/example_py/hook/ament_prefix_path.dsv'
[0.399s] INFO:colcon.colcon_core.shell:Creating environment hook '/home/nhmgs/d2lros2/chapt2/chapt2_ws/install/example_py/share/example_py/hook/ament_prefix_path.sh'
[0.399s] INFO:colcon.colcon_core.shell:Skip shell extension 'powershell' for command environment: Not usable outside of PowerShell
[0.399s] DEBUG:colcon.colcon_core.shell:Skip shell extension 'dsv' for command environment
[0.415s] DEBUG:colcon.colcon_core.event_handler.log_command:Invoking command in '/home/nhmgs/d2lros2/chapt2/chapt2_ws/build/example': CMAKE_PREFIX_PATH=/opt/ros/humble /usr/bin/cmake --build /home/nhmgs/d2lros2/chapt2/chapt2_ws/build/example -- -j12 -l12
[0.437s] DEBUG:colcon.colcon_core.event_handler.log_command:Invoking command in '/home/nhmgs/d2lros2/chapt2/chapt2_ws/build/example_cpp': CMAKE_PREFIX_PATH=/opt/ros/humble /usr/bin/cmake --build /home/nhmgs/d2lros2/chapt2/chapt2_ws/build/example_cpp -- -j12 -l12
[0.695s] INFO:colcon.colcon_core.task.python.build:Building Python package in '/home/nhmgs/d2lros2/chapt2/chapt2_ws/src/example_py'
[0.695s] INFO:colcon.colcon_core.shell:Skip shell extension 'powershell' for command environment: Not usable outside of PowerShell
[0.695s] DEBUG:colcon.colcon_core.shell:Skip shell extension 'dsv' for command environment
[0.705s] DEBUG:colcon.colcon_core.event_handler.log_command:Invoked command in '/home/nhmgs/d2lros2/chapt2/chapt2_ws/build/example' returned '0': CMAKE_PREFIX_PATH=/opt/ros/humble /usr/bin/cmake --build /home/nhmgs/d2lros2/chapt2/chapt2_ws/build/example -- -j12 -l12
[0.708s] DEBUG:colcon.colcon_core.event_handler.log_command:Invoked command in '/home/nhmgs/d2lros2/chapt2/chapt2_ws/build/example_cpp' returned '0': CMAKE_PREFIX_PATH=/opt/ros/humble /usr/bin/cmake --build /home/nhmgs/d2lros2/chapt2/chapt2_ws/build/example_cpp -- -j12 -l12
[0.738s] DEBUG:colcon.colcon_core.event_handler.log_command:Invoking command in '/home/nhmgs/d2lros2/chapt2/chapt2_ws/build/example': CMAKE_PREFIX_PATH=/opt/ros/humble /usr/bin/cmake --install /home/nhmgs/d2lros2/chapt2/chapt2_ws/build/example
[0.768s] Level 1:colcon.colcon_core.environment:create_environment_scripts_only(example)
[0.775s] DEBUG:colcon.colcon_core.event_handler.log_command:Invoking command in '/home/nhmgs/d2lros2/chapt2/chapt2_ws/build/example_cpp': CMAKE_PREFIX_PATH=/opt/ros/humble /usr/bin/cmake --install /home/nhmgs/d2lros2/chapt2/chapt2_ws/build/example_cpp
[0.787s] DEBUG:colcon.colcon_core.event_handler.log_command:Invoked command in '/home/nhmgs/d2lros2/chapt2/chapt2_ws/build/example' returned '0': CMAKE_PREFIX_PATH=/opt/ros/humble /usr/bin/cmake --install /home/nhmgs/d2lros2/chapt2/chapt2_ws/build/example
[0.788s] Level 1:colcon.colcon_core.environment:checking '/home/nhmgs/d2lros2/chapt2/chapt2_ws/install/example' for CMake module files
[0.789s] Level 1:colcon.colcon_core.environment:checking '/home/nhmgs/d2lros2/chapt2/chapt2_ws/install/example' for CMake config files
[0.789s] Level 1:colcon.colcon_core.shell:create_environment_hook('example', 'cmake_prefix_path')
[0.789s] INFO:colcon.colcon_core.shell:Creating environment hook '/home/nhmgs/d2lros2/chapt2/chapt2_ws/install/example/share/example/hook/cmake_prefix_path.ps1'
[0.789s] INFO:colcon.colcon_core.shell:Creating environment descriptor '/home/nhmgs/d2lros2/chapt2/chapt2_ws/install/example/share/example/hook/cmake_prefix_path.dsv'
[0.790s] INFO:colcon.colcon_core.shell:Creating environment hook '/home/nhmgs/d2lros2/chapt2/chapt2_ws/install/example/share/example/hook/cmake_prefix_path.sh'
[0.790s] Level 1:colcon.colcon_core.environment:checking '/home/nhmgs/d2lros2/chapt2/chapt2_ws/install/example/bin'
[0.790s] Level 1:colcon.colcon_core.environment:checking '/home/nhmgs/d2lros2/chapt2/chapt2_ws/install/example/lib/pkgconfig/example.pc'
[0.790s] Level 1:colcon.colcon_core.environment:checking '/home/nhmgs/d2lros2/chapt2/chapt2_ws/install/example/lib/python3.10/site-packages'
[0.790s] Level 1:colcon.colcon_core.environment:checking '/home/nhmgs/d2lros2/chapt2/chapt2_ws/install/example/bin'
[0.791s] INFO:colcon.colcon_core.shell:Creating package script '/home/nhmgs/d2lros2/chapt2/chapt2_ws/install/example/share/example/package.ps1'
[0.791s] INFO:colcon.colcon_core.shell:Creating package descriptor '/home/nhmgs/d2lros2/chapt2/chapt2_ws/install/example/share/example/package.dsv'
[0.795s] INFO:colcon.colcon_core.shell:Creating package script '/home/nhmgs/d2lros2/chapt2/chapt2_ws/install/example/share/example/package.sh'
[0.796s] INFO:colcon.colcon_core.shell:Creating package script '/home/nhmgs/d2lros2/chapt2/chapt2_ws/install/example/share/example/package.bash'
[0.796s] INFO:colcon.colcon_core.shell:Creating package script '/home/nhmgs/d2lros2/chapt2/chapt2_ws/install/example/share/example/package.zsh'
[0.797s] Level 1:colcon.colcon_core.environment:create_file_with_runtime_dependencies(/home/nhmgs/d2lros2/chapt2/chapt2_ws/install/example/share/colcon-core/packages/example)
[0.798s] Level 1:colcon.colcon_core.environment:create_environment_scripts_only(example_cpp)
[0.798s] Level 1:colcon.colcon_core.environment:checking '/home/nhmgs/d2lros2/chapt2/chapt2_ws/install/example_cpp' for CMake module files
[0.799s] DEBUG:colcon.colcon_core.event_handler.log_command:Invoked command in '/home/nhmgs/d2lros2/chapt2/chapt2_ws/build/example_cpp' returned '0': CMAKE_PREFIX_PATH=/opt/ros/humble /usr/bin/cmake --install /home/nhmgs/d2lros2/chapt2/chapt2_ws/build/example_cpp
[0.800s] Level 1:colcon.colcon_core.environment:checking '/home/nhmgs/d2lros2/chapt2/chapt2_ws/install/example_cpp' for CMake config files
[0.800s] Level 1:colcon.colcon_core.shell:create_environment_hook('example_cpp', 'cmake_prefix_path')
[0.800s] INFO:colcon.colcon_core.shell:Creating environment hook '/home/nhmgs/d2lros2/chapt2/chapt2_ws/install/example_cpp/share/example_cpp/hook/cmake_prefix_path.ps1'
[0.801s] INFO:colcon.colcon_core.shell:Creating environment descriptor '/home/nhmgs/d2lros2/chapt2/chapt2_ws/install/example_cpp/share/example_cpp/hook/cmake_prefix_path.dsv'
[0.801s] INFO:colcon.colcon_core.shell:Creating environment hook '/home/nhmgs/d2lros2/chapt2/chapt2_ws/install/example_cpp/share/example_cpp/hook/cmake_prefix_path.sh'
[0.801s] Level 1:colcon.colcon_core.environment:checking '/home/nhmgs/d2lros2/chapt2/chapt2_ws/install/example_cpp/lib'
[0.805s] Level 1:colcon.colcon_core.environment:checking '/home/nhmgs/d2lros2/chapt2/chapt2_ws/install/example_cpp/bin'
[0.805s] Level 1:colcon.colcon_core.environment:checking '/home/nhmgs/d2lros2/chapt2/chapt2_ws/install/example_cpp/lib/pkgconfig/example_cpp.pc'
[0.805s] Level 1:colcon.colcon_core.environment:checking '/home/nhmgs/d2lros2/chapt2/chapt2_ws/install/example_cpp/lib/python3.10/site-packages'
[0.805s] Level 1:colcon.colcon_core.environment:checking '/home/nhmgs/d2lros2/chapt2/chapt2_ws/install/example_cpp/bin'
[0.805s] INFO:colcon.colcon_core.shell:Creating package script '/home/nhmgs/d2lros2/chapt2/chapt2_ws/install/example_cpp/share/example_cpp/package.ps1'
[0.806s] INFO:colcon.colcon_core.shell:Creating package descriptor '/home/nhmgs/d2lros2/chapt2/chapt2_ws/install/example_cpp/share/example_cpp/package.dsv'
[0.806s] INFO:colcon.colcon_core.shell:Creating package script '/home/nhmgs/d2lros2/chapt2/chapt2_ws/install/example_cpp/share/example_cpp/package.sh'
[0.807s] INFO:colcon.colcon_core.shell:Creating package script '/home/nhmgs/d2lros2/chapt2/chapt2_ws/install/example_cpp/share/example_cpp/package.bash'
[0.807s] INFO:colcon.colcon_core.shell:Creating package script '/home/nhmgs/d2lros2/chapt2/chapt2_ws/install/example_cpp/share/example_cpp/package.zsh'
[0.808s] Level 1:colcon.colcon_core.environment:create_file_with_runtime_dependencies(/home/nhmgs/d2lros2/chapt2/chapt2_ws/install/example_cpp/share/colcon-core/packages/example_cpp)
[0.826s] Level 1:colcon.colcon_core.environment:create_environment_scripts_only(example)
[0.827s] Level 1:colcon.colcon_core.environment:checking '/home/nhmgs/d2lros2/chapt2/chapt2_ws/install/example' for CMake module files
[0.827s] Level 1:colcon.colcon_core.environment:checking '/home/nhmgs/d2lros2/chapt2/chapt2_ws/install/example' for CMake config files
[0.828s] Level 1:colcon.colcon_core.shell:create_environment_hook('example', 'cmake_prefix_path')
[0.828s] INFO:colcon.colcon_core.shell:Creating environment hook '/home/nhmgs/d2lros2/chapt2/chapt2_ws/install/example/share/example/hook/cmake_prefix_path.ps1'
[0.829s] INFO:colcon.colcon_core.shell:Creating environment descriptor '/home/nhmgs/d2lros2/chapt2/chapt2_ws/install/example/share/example/hook/cmake_prefix_path.dsv'
[0.829s] INFO:colcon.colcon_core.shell:Creating environment hook '/home/nhmgs/d2lros2/chapt2/chapt2_ws/install/example/share/example/hook/cmake_prefix_path.sh'
[0.830s] Level 1:colcon.colcon_core.environment:checking '/home/nhmgs/d2lros2/chapt2/chapt2_ws/install/example/bin'
[0.831s] Level 1:colcon.colcon_core.environment:checking '/home/nhmgs/d2lros2/chapt2/chapt2_ws/install/example/lib/pkgconfig/example.pc'
[0.831s] Level 1:colcon.colcon_core.environment:checking '/home/nhmgs/d2lros2/chapt2/chapt2_ws/install/example/lib/python3.10/site-packages'
[0.835s] Level 1:colcon.colcon_core.environment:checking '/home/nhmgs/d2lros2/chapt2/chapt2_ws/install/example/bin'
[0.835s] INFO:colcon.colcon_core.shell:Creating package script '/home/nhmgs/d2lros2/chapt2/chapt2_ws/install/example/share/example/package.ps1'
[0.836s] INFO:colcon.colcon_core.shell:Creating package descriptor '/home/nhmgs/d2lros2/chapt2/chapt2_ws/install/example/share/example/package.dsv'
[0.837s] INFO:colcon.colcon_core.shell:Creating package script '/home/nhmgs/d2lros2/chapt2/chapt2_ws/install/example/share/example/package.sh'
[0.837s] INFO:colcon.colcon_core.shell:Creating package script '/home/nhmgs/d2lros2/chapt2/chapt2_ws/install/example/share/example/package.bash'
[0.838s] INFO:colcon.colcon_core.shell:Creating package script '/home/nhmgs/d2lros2/chapt2/chapt2_ws/install/example/share/example/package.zsh'
[0.838s] Level 1:colcon.colcon_core.environment:create_file_with_runtime_dependencies(/home/nhmgs/d2lros2/chapt2/chapt2_ws/install/example/share/colcon-core/packages/example)
[0.846s] Level 1:colcon.colcon_core.environment:create_environment_scripts_only(example_cpp)
[0.846s] Level 1:colcon.colcon_core.environment:checking '/home/nhmgs/d2lros2/chapt2/chapt2_ws/install/example_cpp' for CMake module files
[0.846s] Level 1:colcon.colcon_core.environment:checking '/home/nhmgs/d2lros2/chapt2/chapt2_ws/install/example_cpp' for CMake config files
[0.847s] Level 1:colcon.colcon_core.shell:create_environment_hook('example_cpp', 'cmake_prefix_path')
[0.847s] INFO:colcon.colcon_core.shell:Creating environment hook '/home/nhmgs/d2lros2/chapt2/chapt2_ws/install/example_cpp/share/example_cpp/hook/cmake_prefix_path.ps1'
[0.847s] INFO:colcon.colcon_core.shell:Creating environment descriptor '/home/nhmgs/d2lros2/chapt2/chapt2_ws/install/example_cpp/share/example_cpp/hook/cmake_prefix_path.dsv'
[0.847s] INFO:colcon.colcon_core.shell:Creating environment hook '/home/nhmgs/d2lros2/chapt2/chapt2_ws/install/example_cpp/share/example_cpp/hook/cmake_prefix_path.sh'
[0.848s] Level 1:colcon.colcon_core.environment:checking '/home/nhmgs/d2lros2/chapt2/chapt2_ws/install/example_cpp/lib'
[0.848s] Level 1:colcon.colcon_core.environment:checking '/home/nhmgs/d2lros2/chapt2/chapt2_ws/install/example_cpp/bin'
[0.848s] Level 1:colcon.colcon_core.environment:checking '/home/nhmgs/d2lros2/chapt2/chapt2_ws/install/example_cpp/lib/pkgconfig/example_cpp.pc'
[0.848s] Level 1:colcon.colcon_core.environment:checking '/home/nhmgs/d2lros2/chapt2/chapt2_ws/install/example_cpp/lib/python3.10/site-packages'
[0.848s] Level 1:colcon.colcon_core.environment:checking '/home/nhmgs/d2lros2/chapt2/chapt2_ws/install/example_cpp/bin'
[0.849s] INFO:colcon.colcon_core.shell:Creating package script '/home/nhmgs/d2lros2/chapt2/chapt2_ws/install/example_cpp/share/example_cpp/package.ps1'
[0.849s] INFO:colcon.colcon_core.shell:Creating package descriptor '/home/nhmgs/d2lros2/chapt2/chapt2_ws/install/example_cpp/share/example_cpp/package.dsv'
[0.849s] INFO:colcon.colcon_core.shell:Creating package script '/home/nhmgs/d2lros2/chapt2/chapt2_ws/install/example_cpp/share/example_cpp/package.sh'
[0.849s] INFO:colcon.colcon_core.shell:Creating package script '/home/nhmgs/d2lros2/chapt2/chapt2_ws/install/example_cpp/share/example_cpp/package.bash'
[0.850s] INFO:colcon.colcon_core.shell:Creating package script '/home/nhmgs/d2lros2/chapt2/chapt2_ws/install/example_cpp/share/example_cpp/package.zsh'
[0.850s] Level 1:colcon.colcon_core.environment:create_file_with_runtime_dependencies(/home/nhmgs/d2lros2/chapt2/chapt2_ws/install/example_cpp/share/colcon-core/packages/example_cpp)
[1.158s] DEBUG:colcon.colcon_core.event_handler.log_command:Invoking command in '/home/nhmgs/d2lros2/chapt2/chapt2_ws/src/example_py': PYTHONPATH=/home/nhmgs/d2lros2/chapt2/chapt2_ws/build/example_py/prefix_override:/home/nhmgs/d2lros2/chapt2/chapt2_ws/install/example_py/lib/python3.10/site-packages:${PYTHONPATH} /usr/bin/python3 -W ignore:setup.py install is deprecated setup.py egg_info --egg-base ../../build/example_py build --build-base /home/nhmgs/d2lros2/chapt2/chapt2_ws/build/example_py/build install --record /home/nhmgs/d2lros2/chapt2/chapt2_ws/build/example_py/install.log --single-version-externally-managed install_data
[1.505s] Level 1:colcon.colcon_core.environment:checking '/home/nhmgs/d2lros2/chapt2/chapt2_ws/install/example_py' for CMake module files
[1.506s] DEBUG:colcon.colcon_core.event_handler.log_command:Invoked command in '/home/nhmgs/d2lros2/chapt2/chapt2_ws/src/example_py' returned '0': PYTHONPATH=/home/nhmgs/d2lros2/chapt2/chapt2_ws/build/example_py/prefix_override:/home/nhmgs/d2lros2/chapt2/chapt2_ws/install/example_py/lib/python3.10/site-packages:${PYTHONPATH} /usr/bin/python3 -W ignore:setup.py install is deprecated setup.py egg_info --egg-base ../../build/example_py build --build-base /home/nhmgs/d2lros2/chapt2/chapt2_ws/build/example_py/build install --record /home/nhmgs/d2lros2/chapt2/chapt2_ws/build/example_py/install.log --single-version-externally-managed install_data
[1.506s] Level 1:colcon.colcon_core.environment:checking '/home/nhmgs/d2lros2/chapt2/chapt2_ws/install/example_py' for CMake config files
[1.506s] Level 1:colcon.colcon_core.environment:checking '/home/nhmgs/d2lros2/chapt2/chapt2_ws/install/example_py/lib'
[1.506s] Level 1:colcon.colcon_core.environment:checking '/home/nhmgs/d2lros2/chapt2/chapt2_ws/install/example_py/bin'
[1.507s] Level 1:colcon.colcon_core.environment:checking '/home/nhmgs/d2lros2/chapt2/chapt2_ws/install/example_py/lib/pkgconfig/example_py.pc'
[1.507s] Level 1:colcon.colcon_core.environment:checking '/home/nhmgs/d2lros2/chapt2/chapt2_ws/install/example_py/lib/python3.10/site-packages'
[1.507s] Level 1:colcon.colcon_core.shell:create_environment_hook('example_py', 'pythonpath')
[1.507s] INFO:colcon.colcon_core.shell:Creating environment hook '/home/nhmgs/d2lros2/chapt2/chapt2_ws/install/example_py/share/example_py/hook/pythonpath.ps1'
[1.508s] INFO:colcon.colcon_core.shell:Creating environment descriptor '/home/nhmgs/d2lros2/chapt2/chapt2_ws/install/example_py/share/example_py/hook/pythonpath.dsv'
[1.508s] INFO:colcon.colcon_core.shell:Creating environment hook '/home/nhmgs/d2lros2/chapt2/chapt2_ws/install/example_py/share/example_py/hook/pythonpath.sh'
[1.508s] Level 1:colcon.colcon_core.environment:checking '/home/nhmgs/d2lros2/chapt2/chapt2_ws/install/example_py/bin'
[1.508s] Level 1:colcon.colcon_core.environment:create_environment_scripts_only(example_py)
[1.509s] INFO:colcon.colcon_core.shell:Creating package script '/home/nhmgs/d2lros2/chapt2/chapt2_ws/install/example_py/share/example_py/package.ps1'
[1.509s] INFO:colcon.colcon_core.shell:Creating package descriptor '/home/nhmgs/d2lros2/chapt2/chapt2_ws/install/example_py/share/example_py/package.dsv'
[1.510s] INFO:colcon.colcon_core.shell:Creating package script '/home/nhmgs/d2lros2/chapt2/chapt2_ws/install/example_py/share/example_py/package.sh'
[1.511s] INFO:colcon.colcon_core.shell:Creating package script '/home/nhmgs/d2lros2/chapt2/chapt2_ws/install/example_py/share/example_py/package.bash'
[1.515s] INFO:colcon.colcon_core.shell:Creating package script '/home/nhmgs/d2lros2/chapt2/chapt2_ws/install/example_py/share/example_py/package.zsh'
[1.515s] Level 1:colcon.colcon_core.environment:create_file_with_runtime_dependencies(/home/nhmgs/d2lros2/chapt2/chapt2_ws/install/example_py/share/colcon-core/packages/example_py)
[1.516s] DEBUG:colcon.colcon_parallel_executor.executor.parallel:closing loop
[1.517s] DEBUG:colcon.colcon_parallel_executor.executor.parallel:loop closed
[1.517s] DEBUG:colcon.colcon_parallel_executor.executor.parallel:run_until_complete finished with '0'
[1.517s] DEBUG:colcon.colcon_core.event_reactor:joining thread
[1.561s] INFO:colcon.colcon_core.plugin_system:Skipping extension 'colcon_notification.desktop_notification.notify_send': Could not find 'notify-send'
[1.561s] INFO:colcon.colcon_core.plugin_system:Skipping extension 'colcon_notification.desktop_notification.terminal_notifier': Not used on non-Darwin systems
[1.561s] INFO:colcon.colcon_core.plugin_system:Skipping extension 'colcon_notification.desktop_notification.win32': Not used on non-Windows systems
[1.562s] INFO:colcon.colcon_notification.desktop_notification:Sending desktop notification using 'notify2'
[1.565s] DEBUG:colcon.colcon_notification.desktop_notification.notify2:Failed to initialize notify2: org.freedesktop.DBus.Error.FileNotFound: Failed to connect to socket /run/user/1000/bus: No such file or directory
[1.565s] DEBUG:colcon.colcon_core.event_reactor:joined thread
[1.565s] INFO:colcon.colcon_core.shell:Creating prefix script '/home/nhmgs/d2lros2/chapt2/chapt2_ws/install/local_setup.ps1'
[1.567s] INFO:colcon.colcon_core.shell:Creating prefix util module '/home/nhmgs/d2lros2/chapt2/chapt2_ws/install/_local_setup_util_ps1.py'
[1.568s] INFO:colcon.colcon_core.shell:Creating prefix chain script '/home/nhmgs/d2lros2/chapt2/chapt2_ws/install/setup.ps1'
[1.569s] INFO:colcon.colcon_core.shell:Creating prefix script '/home/nhmgs/d2lros2/chapt2/chapt2_ws/install/local_setup.sh'
[1.570s] INFO:colcon.colcon_core.shell:Creating prefix util module '/home/nhmgs/d2lros2/chapt2/chapt2_ws/install/_local_setup_util_sh.py'
[1.570s] INFO:colcon.colcon_core.shell:Creating prefix chain script '/home/nhmgs/d2lros2/chapt2/chapt2_ws/install/setup.sh'
[1.571s] INFO:colcon.colcon_core.shell:Creating prefix script '/home/nhmgs/d2lros2/chapt2/chapt2_ws/install/local_setup.bash'
[1.571s] INFO:colcon.colcon_core.shell:Creating prefix chain script '/home/nhmgs/d2lros2/chapt2/chapt2_ws/install/setup.bash'
[1.575s] INFO:colcon.colcon_core.shell:Creating prefix script '/home/nhmgs/d2lros2/chapt2/chapt2_ws/install/local_setup.zsh'
[1.576s] INFO:colcon.colcon_core.shell:Creating prefix chain script '/home/nhmgs/d2lros2/chapt2/chapt2_ws/install/setup.zsh'
