[0.073s] Invoking command in '/home/nhmgs/d2lros2/build/examples_rclcpp_minimal_client': CMAKE_PREFIX_PATH=/opt/ros/humble /usr/bin/cmake /home/nhmgs/d2lros2/chapt2/colcon_test_ws/src/examples/rclcpp/services/minimal_client -DAMENT_CMAKE_SYMLINK_INSTALL=1 -DCMAKE_INSTALL_PREFIX=/home/nhmgs/d2lros2/install/examples_rclcpp_minimal_client
[0.315s] -- The C compiler identification is GNU 11.4.0
[0.754s] -- The CXX compiler identification is GNU 11.4.0
[1.106s] -- Detecting C compiler ABI info
[1.302s] -- Detecting C compiler ABI info - done
[1.326s] -- Check for working C compiler: /usr/bin/cc - skipped
[1.328s] -- Detecting C compile features
[1.328s] -- Detecting C compile features - done
[1.336s] -- Detecting CXX compiler ABI info
[1.573s] -- Detecting CXX compiler ABI info - done
[1.598s] -- Check for working CXX compiler: /usr/bin/c++ - skipped
[1.599s] -- Detecting CXX compile features
[1.600s] -- Detecting CXX compile features - done
[1.613s] -- Found ament_cmake: 1.3.9 (/opt/ros/humble/share/ament_cmake/cmake)
[1.915s] -- Found Python3: /usr/bin/python3 (found version "3.10.12") found components: Interpreter
[2.095s] -- Override CMake install command with custom implementation using symlinks instead of copying resources
[2.156s] -- Found example_interfaces: 0.9.3 (/opt/ros/humble/share/example_interfaces/cmake)
[2.500s] -- Found rosidl_generator_c: 3.1.5 (/opt/ros/humble/share/rosidl_generator_c/cmake)
[2.518s] -- Found rosidl_adapter: 3.1.5 (/opt/ros/humble/share/rosidl_adapter/cmake)
[2.550s] -- Found rosidl_generator_cpp: 3.1.5 (/opt/ros/humble/share/rosidl_generator_cpp/cmake)
[2.593s] -- Using all available rosidl_typesupport_c: rosidl_typesupport_fastrtps_c;rosidl_typesupport_introspection_c
[2.638s] -- Using all available rosidl_typesupport_cpp: rosidl_typesupport_fastrtps_cpp;rosidl_typesupport_introspection_cpp
[2.976s] -- Found rclcpp: 16.0.9 (/opt/ros/humble/share/rclcpp/cmake)
[3.127s] -- Found rmw_implementation_cmake: 6.1.2 (/opt/ros/humble/share/rmw_implementation_cmake/cmake)
[3.133s] -- Found rmw_fastrtps_cpp: 6.2.6 (/opt/ros/humble/share/rmw_fastrtps_cpp/cmake)
[4.403s] -- Found OpenSSL: /usr/lib/x86_64-linux-gnu/libcrypto.so (found version "3.0.2")
[5.334s] -- Found FastRTPS: /opt/ros/humble/include
[7.477s] -- Using RMW implementation 'rmw_fastrtps_cpp' as default
[7.519s] -- Performing Test CMAKE_HAVE_LIBC_PTHREAD
[7.973s] -- Performing Test CMAKE_HAVE_LIBC_PTHREAD - Success
[7.973s] -- Found Threads: TRUE
[8.774s] -- Found ament_lint_auto: 0.12.11 (/opt/ros/humble/share/ament_lint_auto/cmake)
[10.040s] -- Added test 'copyright' to check source files copyright and LICENSE
[10.114s] -- Added test 'cppcheck' to perform static code analysis on C / C++ code
[10.114s] -- Configured cppcheck include dirs: 
[10.114s] -- Configured cppcheck exclude dirs and/or files: 
[10.116s] -- Added test 'cpplint' to check C / C++ code against the Google style
[10.116s] -- Configured cpplint exclude dirs and/or files: 
[10.118s] -- Added test 'lint_cmake' to check CMake code style
[10.120s] -- Added test 'uncrustify' to check C / C++ code style
[10.123s] -- Configured uncrustify additional arguments: 
[10.164s] -- Added test 'xmllint' to check XML markup files
[10.167s] -- Configuring done (10.1s)
[10.315s] -- Generating done (0.1s)
[10.317s] -- Build files have been written to: /home/nhmgs/d2lros2/build/examples_rclcpp_minimal_client
[10.490s] Invoked command in '/home/nhmgs/d2lros2/build/examples_rclcpp_minimal_client' returned '0': CMAKE_PREFIX_PATH=/opt/ros/humble /usr/bin/cmake /home/nhmgs/d2lros2/chapt2/colcon_test_ws/src/examples/rclcpp/services/minimal_client -DAMENT_CMAKE_SYMLINK_INSTALL=1 -DCMAKE_INSTALL_PREFIX=/home/nhmgs/d2lros2/install/examples_rclcpp_minimal_client
[10.493s] Invoking command in '/home/nhmgs/d2lros2/build/examples_rclcpp_minimal_client': CMAKE_PREFIX_PATH=/opt/ros/humble /usr/bin/cmake --build /home/nhmgs/d2lros2/build/examples_rclcpp_minimal_client -- -j12 -l12
[253.475s] [01m[Kc++:[m[K [01;31m[Kfatal error: [m[KKilled signal terminated program cc1plus
[253.477s] compilation terminated.
[253.477s] gmake[2]: *** [CMakeFiles/client_main.dir/build.make:76: CMakeFiles/client_main.dir/main.cpp.o] Error 1
[253.477s] gmake[1]: *** [CMakeFiles/Makefile2:137: CMakeFiles/client_main.dir/all] Error 2
[253.477s] gmake: *** [Makefile:146: all] Error 2
[253.478s] [ 50%] [32mBuilding CXX object CMakeFiles/client_main.dir/main.cpp.o[0m
[253.538s] Invoked command in '/home/nhmgs/d2lros2/build/examples_rclcpp_minimal_client' returned '2': CMAKE_PREFIX_PATH=/opt/ros/humble /usr/bin/cmake --build /home/nhmgs/d2lros2/build/examples_rclcpp_minimal_client -- -j12 -l12
