[0.030s] Invoking command in '/home/nhmgs/d2lros2/chapt2/chapt2_ws/build/example': CMAKE_PREFIX_PATH=/opt/ros/humble /usr/bin/cmake /home/nhmgs/d2lros2/chapt2/chapt2_ws/src/example -DCMAKE_INSTALL_PREFIX=/home/nhmgs/d2lros2/chapt2/chapt2_ws/install/example
[0.218s] -- The C compiler identification is GNU 11.4.0
[0.593s] -- The CXX compiler identification is GNU 11.4.0
[0.880s] -- Detecting C compiler ABI info
[1.012s] -- Detecting C compiler ABI info - done
[1.032s] -- Check for working C compiler: /usr/bin/cc - skipped
[1.036s] -- Detecting C compile features
[1.037s] -- Detecting C compile features - done
[1.046s] -- Detecting CXX compiler ABI info
[1.163s] -- Detecting CXX compiler ABI info - done
[1.179s] -- Check for working CXX compiler: /usr/bin/c++ - skipped
[1.179s] -- Detecting CXX compile features
[1.179s] -- Detecting CXX compile features - done
[1.186s] -- Found ament_cmake: 1.3.9 (/opt/ros/humble/share/ament_cmake/cmake)
[1.336s] -- Found Python3: /usr/bin/python3 (found version "3.10.12") found components: Interpreter
[1.480s] -- Found rclcpp: 16.0.9 (/opt/ros/humble/share/rclcpp/cmake)
[1.642s] -- Found rosidl_generator_c: 3.1.5 (/opt/ros/humble/share/rosidl_generator_c/cmake)
[1.652s] -- Found rosidl_adapter: 3.1.5 (/opt/ros/humble/share/rosidl_adapter/cmake)
[1.681s] -- Found rosidl_generator_cpp: 3.1.5 (/opt/ros/humble/share/rosidl_generator_cpp/cmake)
[1.722s] -- Using all available rosidl_typesupport_c: rosidl_typesupport_fastrtps_c;rosidl_typesupport_introspection_c
[1.756s] -- Using all available rosidl_typesupport_cpp: rosidl_typesupport_fastrtps_cpp;rosidl_typesupport_introspection_cpp
[1.906s] -- Found rmw_implementation_cmake: 6.1.2 (/opt/ros/humble/share/rmw_implementation_cmake/cmake)
[1.921s] -- Found rmw_fastrtps_cpp: 6.2.6 (/opt/ros/humble/share/rmw_fastrtps_cpp/cmake)
[2.487s] -- Found OpenSSL: /usr/lib/x86_64-linux-gnu/libcrypto.so (found version "3.0.2")
[2.967s] -- Found FastRTPS: /opt/ros/humble/include
[4.243s] -- Using RMW implementation 'rmw_fastrtps_cpp' as default
[4.258s] -- Performing Test CMAKE_HAVE_LIBC_PTHREAD
[4.380s] -- Performing Test CMAKE_HAVE_LIBC_PTHREAD - Success
[4.380s] -- Found Threads: TRUE
[4.643s] -- Found ament_lint_auto: 0.12.11 (/opt/ros/humble/share/ament_lint_auto/cmake)
[4.782s] -- Added test 'lint_cmake' to check CMake code style
[4.788s] -- Added test 'xmllint' to check XML markup files
[4.796s] -- Configuring done (4.8s)
[4.809s] -- Generating done (0.0s)
[4.811s] -- Build files have been written to: /home/nhmgs/d2lros2/chapt2/chapt2_ws/build/example
[4.829s] Invoked command in '/home/nhmgs/d2lros2/chapt2/chapt2_ws/build/example' returned '0': CMAKE_PREFIX_PATH=/opt/ros/humble /usr/bin/cmake /home/nhmgs/d2lros2/chapt2/chapt2_ws/src/example -DCMAKE_INSTALL_PREFIX=/home/nhmgs/d2lros2/chapt2/chapt2_ws/install/example
[4.832s] Invoking command in '/home/nhmgs/d2lros2/chapt2/chapt2_ws/build/example': CMAKE_PREFIX_PATH=/opt/ros/humble /usr/bin/cmake --build /home/nhmgs/d2lros2/chapt2/chapt2_ws/build/example -- -j12 -l12
[4.871s] Invoked command in '/home/nhmgs/d2lros2/chapt2/chapt2_ws/build/example' returned '0': CMAKE_PREFIX_PATH=/opt/ros/humble /usr/bin/cmake --build /home/nhmgs/d2lros2/chapt2/chapt2_ws/build/example -- -j12 -l12
[4.893s] Invoking command in '/home/nhmgs/d2lros2/chapt2/chapt2_ws/build/example': CMAKE_PREFIX_PATH=/opt/ros/humble /usr/bin/cmake --install /home/nhmgs/d2lros2/chapt2/chapt2_ws/build/example
[4.899s] -- Install configuration: ""
[4.902s] -- Installing: /home/nhmgs/d2lros2/chapt2/chapt2_ws/install/example/share/ament_index/resource_index/package_run_dependencies/example
[4.903s] -- Installing: /home/nhmgs/d2lros2/chapt2/chapt2_ws/install/example/share/ament_index/resource_index/parent_prefix_path/example
[4.911s] -- Installing: /home/nhmgs/d2lros2/chapt2/chapt2_ws/install/example/share/example/environment/ament_prefix_path.sh
[4.911s] -- Installing: /home/nhmgs/d2lros2/chapt2/chapt2_ws/install/example/share/example/environment/ament_prefix_path.dsv
[4.911s] -- Installing: /home/nhmgs/d2lros2/chapt2/chapt2_ws/install/example/share/example/environment/path.sh
[4.911s] -- Installing: /home/nhmgs/d2lros2/chapt2/chapt2_ws/install/example/share/example/environment/path.dsv
[4.911s] -- Installing: /home/nhmgs/d2lros2/chapt2/chapt2_ws/install/example/share/example/local_setup.bash
[4.912s] -- Installing: /home/nhmgs/d2lros2/chapt2/chapt2_ws/install/example/share/example/local_setup.sh
[4.913s] -- Installing: /home/nhmgs/d2lros2/chapt2/chapt2_ws/install/example/share/example/local_setup.zsh
[4.918s] -- Installing: /home/nhmgs/d2lros2/chapt2/chapt2_ws/install/example/share/example/local_setup.dsv
[4.918s] -- Installing: /home/nhmgs/d2lros2/chapt2/chapt2_ws/install/example/share/example/package.dsv
[4.919s] -- Installing: /home/nhmgs/d2lros2/chapt2/chapt2_ws/install/example/share/ament_index/resource_index/packages/example
[4.919s] -- Installing: /home/nhmgs/d2lros2/chapt2/chapt2_ws/install/example/share/example/cmake/exampleConfig.cmake
[4.920s] -- Installing: /home/nhmgs/d2lros2/chapt2/chapt2_ws/install/example/share/example/cmake/exampleConfig-version.cmake
[4.920s] -- Installing: /home/nhmgs/d2lros2/chapt2/chapt2_ws/install/example/share/example/package.xml
[4.920s] Invoked command in '/home/nhmgs/d2lros2/chapt2/chapt2_ws/build/example' returned '0': CMAKE_PREFIX_PATH=/opt/ros/humble /usr/bin/cmake --install /home/nhmgs/d2lros2/chapt2/chapt2_ws/build/example
