[0.028s] Invoking command in '/home/nhmgs/d2lros2/chapt2/chapt2_ws/build/example': CMAKE_PREFIX_PATH=${CMAKE_PREFIX_PATH}:/home/nhmgs/d2lros2/chapt2/chapt2_ws/install/example_py:/opt/ros/humble /usr/bin/cmake --build /home/nhmgs/d2lros2/chapt2/chapt2_ws/build/example -- -j12 -l12
[0.311s] Invoked command in '/home/nhmgs/d2lros2/chapt2/chapt2_ws/build/example' returned '0': CMAKE_PREFIX_PATH=${CMAKE_PREFIX_PATH}:/home/nhmgs/d2lros2/chapt2/chapt2_ws/install/example_py:/opt/ros/humble /usr/bin/cmake --build /home/nhmgs/d2lros2/chapt2/chapt2_ws/build/example -- -j12 -l12
[0.338s] Invoking command in '/home/nhmgs/d2lros2/chapt2/chapt2_ws/build/example': CMAKE_PREFIX_PATH=${CMAKE_PREFIX_PATH}:/home/nhmgs/d2lros2/chapt2/chapt2_ws/install/example_py:/opt/ros/humble /usr/bin/cmake --install /home/nhmgs/d2lros2/chapt2/chapt2_ws/build/example
[0.351s] -- Install configuration: ""
[0.354s] -- Up-to-date: /home/nhmgs/d2lros2/chapt2/chapt2_ws/install/example/share/ament_index/resource_index/package_run_dependencies/example
[0.355s] -- Up-to-date: /home/nhmgs/d2lros2/chapt2/chapt2_ws/install/example/share/ament_index/resource_index/parent_prefix_path/example
[0.355s] -- Up-to-date: /home/nhmgs/d2lros2/chapt2/chapt2_ws/install/example/share/example/environment/ament_prefix_path.sh
[0.360s] -- Up-to-date: /home/nhmgs/d2lros2/chapt2/chapt2_ws/install/example/share/example/environment/ament_prefix_path.dsv
[0.361s] -- Up-to-date: /home/nhmgs/d2lros2/chapt2/chapt2_ws/install/example/share/example/environment/path.sh
[0.361s] -- Up-to-date: /home/nhmgs/d2lros2/chapt2/chapt2_ws/install/example/share/example/environment/path.dsv
[0.362s] -- Up-to-date: /home/nhmgs/d2lros2/chapt2/chapt2_ws/install/example/share/example/local_setup.bash
[0.362s] -- Up-to-date: /home/nhmgs/d2lros2/chapt2/chapt2_ws/install/example/share/example/local_setup.sh
[0.362s] -- Up-to-date: /home/nhmgs/d2lros2/chapt2/chapt2_ws/install/example/share/example/local_setup.zsh
[0.363s] -- Up-to-date: /home/nhmgs/d2lros2/chapt2/chapt2_ws/install/example/share/example/local_setup.dsv
[0.363s] -- Installing: /home/nhmgs/d2lros2/chapt2/chapt2_ws/install/example/share/example/package.dsv
[0.363s] -- Up-to-date: /home/nhmgs/d2lros2/chapt2/chapt2_ws/install/example/share/ament_index/resource_index/packages/example
[0.363s] -- Up-to-date: /home/nhmgs/d2lros2/chapt2/chapt2_ws/install/example/share/example/cmake/exampleConfig.cmake
[0.363s] -- Up-to-date: /home/nhmgs/d2lros2/chapt2/chapt2_ws/install/example/share/example/cmake/exampleConfig-version.cmake
[0.363s] -- Up-to-date: /home/nhmgs/d2lros2/chapt2/chapt2_ws/install/example/share/example/package.xml
[0.369s] Invoked command in '/home/nhmgs/d2lros2/chapt2/chapt2_ws/build/example' returned '0': CMAKE_PREFIX_PATH=${CMAKE_PREFIX_PATH}:/home/nhmgs/d2lros2/chapt2/chapt2_ws/install/example_py:/opt/ros/humble /usr/bin/cmake --install /home/nhmgs/d2lros2/chapt2/chapt2_ws/build/example
