[0.662s] Invoking command in '/home/nhmgs/d2lros2/chapt2/chapt2_ws/src/example_py': PYTHONPATH=/home/nhmgs/d2lros2/chapt2/chapt2_ws/build/example_py/prefix_override:/home/nhmgs/d2lros2/chapt2/chapt2_ws/install/example_py/lib/python3.10/site-packages:${PYTHONPATH} /usr/bin/python3 -W ignore:setup.py install is deprecated setup.py egg_info --egg-base ../../build/example_py build --build-base /home/nhmgs/d2lros2/chapt2/chapt2_ws/build/example_py/build install --record /home/nhmgs/d2lros2/chapt2/chapt2_ws/build/example_py/install.log --single-version-externally-managed install_data
[0.877s] running egg_info
[0.878s] writing ../../build/example_py/example_py.egg-info/PKG-INFO
[0.878s] writing dependency_links to ../../build/example_py/example_py.egg-info/dependency_links.txt
[0.879s] writing entry points to ../../build/example_py/example_py.egg-info/entry_points.txt
[0.879s] writing requirements to ../../build/example_py/example_py.egg-info/requires.txt
[0.879s] writing top-level names to ../../build/example_py/example_py.egg-info/top_level.txt
[0.880s] reading manifest file '../../build/example_py/example_py.egg-info/SOURCES.txt'
[0.881s] writing manifest file '../../build/example_py/example_py.egg-info/SOURCES.txt'
[0.881s] running build
[0.881s] running build_py
[0.881s] copying example_py/__init__.py -> /home/nhmgs/d2lros2/chapt2/chapt2_ws/build/example_py/build/lib/example_py
[0.882s] copying example_py/node_02.py -> /home/nhmgs/d2lros2/chapt2/chapt2_ws/build/example_py/build/lib/example_py
[0.882s] running install
[0.882s] running install_lib
[0.883s] copying /home/nhmgs/d2lros2/chapt2/chapt2_ws/build/example_py/build/lib/example_py/__init__.py -> /home/nhmgs/d2lros2/chapt2/chapt2_ws/install/example_py/lib/python3.10/site-packages/example_py
[0.883s] copying /home/nhmgs/d2lros2/chapt2/chapt2_ws/build/example_py/build/lib/example_py/node_02.py -> /home/nhmgs/d2lros2/chapt2/chapt2_ws/install/example_py/lib/python3.10/site-packages/example_py
[0.887s] byte-compiling /home/nhmgs/d2lros2/chapt2/chapt2_ws/install/example_py/lib/python3.10/site-packages/example_py/__init__.py to __init__.cpython-310.pyc
[0.890s] byte-compiling /home/nhmgs/d2lros2/chapt2/chapt2_ws/install/example_py/lib/python3.10/site-packages/example_py/node_02.py to node_02.cpython-310.pyc
[0.890s] running install_data
[0.890s] copying resource/example_py -> /home/nhmgs/d2lros2/chapt2/chapt2_ws/install/example_py/share/ament_index/resource_index/packages
[0.890s] copying package.xml -> /home/nhmgs/d2lros2/chapt2/chapt2_ws/install/example_py/share/example_py
[0.890s] running install_egg_info
[0.891s] removing '/home/nhmgs/d2lros2/chapt2/chapt2_ws/install/example_py/lib/python3.10/site-packages/example_py-0.0.0-py3.10.egg-info' (and everything under it)
[0.891s] Copying ../../build/example_py/example_py.egg-info to /home/nhmgs/d2lros2/chapt2/chapt2_ws/install/example_py/lib/python3.10/site-packages/example_py-0.0.0-py3.10.egg-info
[0.891s] running install_scripts
[0.917s] Installing node_02 script to /home/nhmgs/d2lros2/chapt2/chapt2_ws/install/example_py/lib/example_py
[0.918s] writing list of installed files to '/home/nhmgs/d2lros2/chapt2/chapt2_ws/build/example_py/install.log'
[0.961s] Invoked command in '/home/nhmgs/d2lros2/chapt2/chapt2_ws/src/example_py' returned '0': PYTHONPATH=/home/nhmgs/d2lros2/chapt2/chapt2_ws/build/example_py/prefix_override:/home/nhmgs/d2lros2/chapt2/chapt2_ws/install/example_py/lib/python3.10/site-packages:${PYTHONPATH} /usr/bin/python3 -W ignore:setup.py install is deprecated setup.py egg_info --egg-base ../../build/example_py build --build-base /home/nhmgs/d2lros2/chapt2/chapt2_ws/build/example_py/build install --record /home/nhmgs/d2lros2/chapt2/chapt2_ws/build/example_py/install.log --single-version-externally-managed install_data
