[0.146s] DEBUG:colcon:Command line arguments: ['/usr/bin/colcon', 'build']
[0.147s] DEBUG:colcon:Parsed command line arguments: Namespace(log_base=None, log_level=None, verb_name='build', build_base='build', install_base='install', merge_install=False, symlink_install=False, test_result_base=None, continue_on_error=False, executor='parallel', parallel_workers=12, event_handlers=None, ignore_user_meta=False, metas=['./colcon.meta'], base_paths=['.'], packages_ignore=None, packages_ignore_regex=None, paths=None, packages_up_to=None, packages_up_to_regex=None, packages_above=None, packages_above_and_dependencies=None, packages_above_depth=None, packages_select_by_dep=None, packages_skip_by_dep=None, packages_skip_up_to=None, packages_select_build_failed=False, packages_skip_build_finished=False, packages_select_test_failures=False, packages_skip_test_passed=False, packages_select=None, packages_skip=None, packages_select_regex=None, packages_skip_regex=None, packages_start=None, packages_end=None, allow_overriding=[], cmake_args=None, cmake_target=None, cmake_target_skip_unavailable=False, cmake_clean_cache=False, cmake_clean_first=False, cmake_force_configure=False, ament_cmake_args=None, catkin_cmake_args=None, catkin_skip_building_tests=False, verb_parser=<colcon_defaults.argument_parser.defaults.DefaultArgumentsDecorator object at 0x7f63a272b4c0>, verb_extension=<colcon_core.verb.build.BuildVerb object at 0x7f63a272a6b0>, main=<bound method BuildVerb.main of <colcon_core.verb.build.BuildVerb object at 0x7f63a272a6b0>>)
[0.274s] Level 1:colcon.colcon_core.package_discovery:discover_packages(colcon_meta) check parameters
[0.275s] Level 1:colcon.colcon_core.package_discovery:discover_packages(recursive) check parameters
[0.275s] Level 1:colcon.colcon_core.package_discovery:discover_packages(ignore) check parameters
[0.275s] Level 1:colcon.colcon_core.package_discovery:discover_packages(path) check parameters
[0.275s] Level 1:colcon.colcon_core.package_discovery:discover_packages(colcon_meta) discover
[0.275s] Level 1:colcon.colcon_core.package_discovery:discover_packages(recursive) discover
[0.275s] INFO:colcon.colcon_core.package_discovery:Crawling recursively for packages in '/home/nhmgs/d2lros2/chapt2/chapt2_ws'
[0.275s] Level 1:colcon.colcon_core.package_identification:_identify(.) by extensions ['ignore', 'ignore_ament_install']
[0.275s] Level 1:colcon.colcon_core.package_identification:_identify(.) by extension 'ignore'
[0.275s] Level 1:colcon.colcon_core.package_identification:_identify(.) by extension 'ignore_ament_install'
[0.275s] Level 1:colcon.colcon_core.package_identification:_identify(.) by extensions ['colcon_pkg']
[0.275s] Level 1:colcon.colcon_core.package_identification:_identify(.) by extension 'colcon_pkg'
[0.275s] Level 1:colcon.colcon_core.package_identification:_identify(.) by extensions ['colcon_meta']
[0.275s] Level 1:colcon.colcon_core.package_identification:_identify(.) by extension 'colcon_meta'
[0.275s] Level 1:colcon.colcon_core.package_identification:_identify(.) by extensions ['ros']
[0.275s] Level 1:colcon.colcon_core.package_identification:_identify(.) by extension 'ros'
[0.290s] Level 1:colcon.colcon_core.package_identification:_identify(.) by extensions ['cmake', 'python']
[0.291s] Level 1:colcon.colcon_core.package_identification:_identify(.) by extension 'cmake'
[0.291s] Level 1:colcon.colcon_core.package_identification:_identify(.) by extension 'python'
[0.291s] Level 1:colcon.colcon_core.package_identification:_identify(.) by extensions ['python_setup_py']
[0.291s] Level 1:colcon.colcon_core.package_identification:_identify(.) by extension 'python_setup_py'
[0.291s] Level 1:colcon.colcon_core.package_identification:_identify(build) by extensions ['ignore', 'ignore_ament_install']
[0.291s] Level 1:colcon.colcon_core.package_identification:_identify(build) by extension 'ignore'
[0.291s] Level 1:colcon.colcon_core.package_identification:_identify(build) ignored
[0.291s] Level 1:colcon.colcon_core.package_identification:_identify(install) by extensions ['ignore', 'ignore_ament_install']
[0.291s] Level 1:colcon.colcon_core.package_identification:_identify(install) by extension 'ignore'
[0.291s] Level 1:colcon.colcon_core.package_identification:_identify(install) ignored
[0.291s] Level 1:colcon.colcon_core.package_identification:_identify(log) by extensions ['ignore', 'ignore_ament_install']
[0.291s] Level 1:colcon.colcon_core.package_identification:_identify(log) by extension 'ignore'
[0.291s] Level 1:colcon.colcon_core.package_identification:_identify(log) ignored
[0.291s] Level 1:colcon.colcon_core.package_identification:_identify(src) by extensions ['ignore', 'ignore_ament_install']
[0.291s] Level 1:colcon.colcon_core.package_identification:_identify(src) by extension 'ignore'
[0.291s] Level 1:colcon.colcon_core.package_identification:_identify(src) by extension 'ignore_ament_install'
[0.291s] Level 1:colcon.colcon_core.package_identification:_identify(src) by extensions ['colcon_pkg']
[0.291s] Level 1:colcon.colcon_core.package_identification:_identify(src) by extension 'colcon_pkg'
[0.291s] Level 1:colcon.colcon_core.package_identification:_identify(src) by extensions ['colcon_meta']
[0.291s] Level 1:colcon.colcon_core.package_identification:_identify(src) by extension 'colcon_meta'
[0.292s] Level 1:colcon.colcon_core.package_identification:_identify(src) by extensions ['ros']
[0.292s] Level 1:colcon.colcon_core.package_identification:_identify(src) by extension 'ros'
[0.292s] Level 1:colcon.colcon_core.package_identification:_identify(src) by extensions ['cmake', 'python']
[0.292s] Level 1:colcon.colcon_core.package_identification:_identify(src) by extension 'cmake'
[0.292s] Level 1:colcon.colcon_core.package_identification:_identify(src) by extension 'python'
[0.292s] Level 1:colcon.colcon_core.package_identification:_identify(src) by extensions ['python_setup_py']
[0.292s] Level 1:colcon.colcon_core.package_identification:_identify(src) by extension 'python_setup_py'
[0.292s] Level 1:colcon.colcon_core.package_identification:_identify(src/example) by extensions ['ignore', 'ignore_ament_install']
[0.292s] Level 1:colcon.colcon_core.package_identification:_identify(src/example) by extension 'ignore'
[0.292s] Level 1:colcon.colcon_core.package_identification:_identify(src/example) by extension 'ignore_ament_install'
[0.292s] Level 1:colcon.colcon_core.package_identification:_identify(src/example) by extensions ['colcon_pkg']
[0.292s] Level 1:colcon.colcon_core.package_identification:_identify(src/example) by extension 'colcon_pkg'
[0.292s] Level 1:colcon.colcon_core.package_identification:_identify(src/example) by extensions ['colcon_meta']
[0.292s] Level 1:colcon.colcon_core.package_identification:_identify(src/example) by extension 'colcon_meta'
[0.292s] Level 1:colcon.colcon_core.package_identification:_identify(src/example) by extensions ['ros']
[0.292s] Level 1:colcon.colcon_core.package_identification:_identify(src/example) by extension 'ros'
[0.294s] DEBUG:colcon.colcon_core.package_identification:Package 'src/example' with type 'ros.ament_cmake' and name 'example'
[0.294s] Level 1:colcon.colcon_core.package_identification:_identify(src/example_cpp) by extensions ['ignore', 'ignore_ament_install']
[0.294s] Level 1:colcon.colcon_core.package_identification:_identify(src/example_cpp) by extension 'ignore'
[0.294s] Level 1:colcon.colcon_core.package_identification:_identify(src/example_cpp) by extension 'ignore_ament_install'
[0.294s] Level 1:colcon.colcon_core.package_identification:_identify(src/example_cpp) by extensions ['colcon_pkg']
[0.294s] Level 1:colcon.colcon_core.package_identification:_identify(src/example_cpp) by extension 'colcon_pkg'
[0.294s] Level 1:colcon.colcon_core.package_identification:_identify(src/example_cpp) by extensions ['colcon_meta']
[0.294s] Level 1:colcon.colcon_core.package_identification:_identify(src/example_cpp) by extension 'colcon_meta'
[0.294s] Level 1:colcon.colcon_core.package_identification:_identify(src/example_cpp) by extensions ['ros']
[0.294s] Level 1:colcon.colcon_core.package_identification:_identify(src/example_cpp) by extension 'ros'
[0.294s] DEBUG:colcon.colcon_core.package_identification:Package 'src/example_cpp' with type 'ros.ament_cmake' and name 'example_cpp'
[0.294s] Level 1:colcon.colcon_core.package_discovery:discover_packages(recursive) using defaults
[0.294s] Level 1:colcon.colcon_core.package_discovery:discover_packages(ignore) discover
[0.294s] Level 1:colcon.colcon_core.package_discovery:discover_packages(ignore) using defaults
[0.294s] Level 1:colcon.colcon_core.package_discovery:discover_packages(path) discover
[0.294s] Level 1:colcon.colcon_core.package_discovery:discover_packages(path) using defaults
[0.312s] Level 1:colcon.colcon_core.package_discovery:discover_packages(prefix_path) check parameters
[0.312s] Level 1:colcon.colcon_core.package_discovery:discover_packages(prefix_path) discover
[0.314s] DEBUG:colcon.colcon_installed_package_information.package_discovery:Found 285 installed packages in /opt/ros/humble
[0.315s] Level 1:colcon.colcon_core.package_discovery:discover_packages(prefix_path) using defaults
[0.373s] Level 5:colcon.colcon_core.verb:set package 'example' build argument 'cmake_args' from command line to 'None'
[0.373s] Level 5:colcon.colcon_core.verb:set package 'example' build argument 'cmake_target' from command line to 'None'
[0.373s] Level 5:colcon.colcon_core.verb:set package 'example' build argument 'cmake_target_skip_unavailable' from command line to 'False'
[0.373s] Level 5:colcon.colcon_core.verb:set package 'example' build argument 'cmake_clean_cache' from command line to 'False'
[0.373s] Level 5:colcon.colcon_core.verb:set package 'example' build argument 'cmake_clean_first' from command line to 'False'
[0.373s] Level 5:colcon.colcon_core.verb:set package 'example' build argument 'cmake_force_configure' from command line to 'False'
[0.373s] Level 5:colcon.colcon_core.verb:set package 'example' build argument 'ament_cmake_args' from command line to 'None'
[0.373s] Level 5:colcon.colcon_core.verb:set package 'example' build argument 'catkin_cmake_args' from command line to 'None'
[0.373s] Level 5:colcon.colcon_core.verb:set package 'example' build argument 'catkin_skip_building_tests' from command line to 'False'
[0.373s] DEBUG:colcon.colcon_core.verb:Building package 'example' with the following arguments: {'ament_cmake_args': None, 'build_base': '/home/nhmgs/d2lros2/chapt2/chapt2_ws/build/example', 'catkin_cmake_args': None, 'catkin_skip_building_tests': False, 'cmake_args': None, 'cmake_clean_cache': False, 'cmake_clean_first': False, 'cmake_force_configure': False, 'cmake_target': None, 'cmake_target_skip_unavailable': False, 'install_base': '/home/nhmgs/d2lros2/chapt2/chapt2_ws/install/example', 'merge_install': False, 'path': '/home/nhmgs/d2lros2/chapt2/chapt2_ws/src/example', 'symlink_install': False, 'test_result_base': None}
[0.374s] Level 5:colcon.colcon_core.verb:set package 'example_cpp' build argument 'cmake_args' from command line to 'None'
[0.374s] Level 5:colcon.colcon_core.verb:set package 'example_cpp' build argument 'cmake_target' from command line to 'None'
[0.374s] Level 5:colcon.colcon_core.verb:set package 'example_cpp' build argument 'cmake_target_skip_unavailable' from command line to 'False'
[0.374s] Level 5:colcon.colcon_core.verb:set package 'example_cpp' build argument 'cmake_clean_cache' from command line to 'False'
[0.374s] Level 5:colcon.colcon_core.verb:set package 'example_cpp' build argument 'cmake_clean_first' from command line to 'False'
[0.374s] Level 5:colcon.colcon_core.verb:set package 'example_cpp' build argument 'cmake_force_configure' from command line to 'False'
[0.374s] Level 5:colcon.colcon_core.verb:set package 'example_cpp' build argument 'ament_cmake_args' from command line to 'None'
[0.374s] Level 5:colcon.colcon_core.verb:set package 'example_cpp' build argument 'catkin_cmake_args' from command line to 'None'
[0.374s] Level 5:colcon.colcon_core.verb:set package 'example_cpp' build argument 'catkin_skip_building_tests' from command line to 'False'
[0.374s] DEBUG:colcon.colcon_core.verb:Building package 'example_cpp' with the following arguments: {'ament_cmake_args': None, 'build_base': '/home/nhmgs/d2lros2/chapt2/chapt2_ws/build/example_cpp', 'catkin_cmake_args': None, 'catkin_skip_building_tests': False, 'cmake_args': None, 'cmake_clean_cache': False, 'cmake_clean_first': False, 'cmake_force_configure': False, 'cmake_target': None, 'cmake_target_skip_unavailable': False, 'install_base': '/home/nhmgs/d2lros2/chapt2/chapt2_ws/install/example_cpp', 'merge_install': False, 'path': '/home/nhmgs/d2lros2/chapt2/chapt2_ws/src/example_cpp', 'symlink_install': False, 'test_result_base': None}
[0.374s] INFO:colcon.colcon_core.executor:Executing jobs using 'parallel' executor
[0.375s] DEBUG:colcon.colcon_parallel_executor.executor.parallel:run_until_complete
[0.376s] INFO:colcon.colcon_ros.task.ament_cmake.build:Building ROS package in '/home/nhmgs/d2lros2/chapt2/chapt2_ws/src/example' with build type 'ament_cmake'
[0.376s] INFO:colcon.colcon_cmake.task.cmake.build:Building CMake package in '/home/nhmgs/d2lros2/chapt2/chapt2_ws/src/example'
[0.380s] INFO:colcon.colcon_core.plugin_system:Skipping extension 'colcon_core.shell.bat': Not used on non-Windows systems
[0.380s] INFO:colcon.colcon_core.shell:Skip shell extension 'powershell' for command environment: Not usable outside of PowerShell
[0.380s] DEBUG:colcon.colcon_core.shell:Skip shell extension 'dsv' for command environment
[0.385s] INFO:colcon.colcon_ros.task.ament_cmake.build:Building ROS package in '/home/nhmgs/d2lros2/chapt2/chapt2_ws/src/example_cpp' with build type 'ament_cmake'
[0.385s] INFO:colcon.colcon_cmake.task.cmake.build:Building CMake package in '/home/nhmgs/d2lros2/chapt2/chapt2_ws/src/example_cpp'
[0.385s] INFO:colcon.colcon_core.shell:Skip shell extension 'powershell' for command environment: Not usable outside of PowerShell
[0.386s] DEBUG:colcon.colcon_core.shell:Skip shell extension 'dsv' for command environment
[0.403s] DEBUG:colcon.colcon_core.event_handler.log_command:Invoking command in '/home/nhmgs/d2lros2/chapt2/chapt2_ws/build/example': CMAKE_PREFIX_PATH=/opt/ros/humble /usr/bin/cmake --build /home/nhmgs/d2lros2/chapt2/chapt2_ws/build/example -- -j12 -l12
[0.410s] DEBUG:colcon.colcon_core.event_handler.log_command:Invoking command in '/home/nhmgs/d2lros2/chapt2/chapt2_ws/build/example_cpp': CMAKE_PREFIX_PATH=/opt/ros/humble /usr/bin/cmake --build /home/nhmgs/d2lros2/chapt2/chapt2_ws/build/example_cpp -- -j12 -l12
[0.421s] DEBUG:colcon.colcon_core.event_handler.log_command:Invoked command in '/home/nhmgs/d2lros2/chapt2/chapt2_ws/build/example' returned '0': CMAKE_PREFIX_PATH=/opt/ros/humble /usr/bin/cmake --build /home/nhmgs/d2lros2/chapt2/chapt2_ws/build/example -- -j12 -l12
[0.452s] DEBUG:colcon.colcon_core.event_handler.log_command:Invoking command in '/home/nhmgs/d2lros2/chapt2/chapt2_ws/build/example': CMAKE_PREFIX_PATH=/opt/ros/humble /usr/bin/cmake --install /home/nhmgs/d2lros2/chapt2/chapt2_ws/build/example
[0.456s] Level 1:colcon.colcon_core.environment:create_environment_scripts_only(example)
[0.456s] DEBUG:colcon.colcon_core.event_handler.log_command:Invoked command in '/home/nhmgs/d2lros2/chapt2/chapt2_ws/build/example' returned '0': CMAKE_PREFIX_PATH=/opt/ros/humble /usr/bin/cmake --install /home/nhmgs/d2lros2/chapt2/chapt2_ws/build/example
[0.460s] Level 1:colcon.colcon_core.environment:checking '/home/nhmgs/d2lros2/chapt2/chapt2_ws/install/example' for CMake module files
[0.460s] Level 1:colcon.colcon_core.environment:checking '/home/nhmgs/d2lros2/chapt2/chapt2_ws/install/example' for CMake config files
[0.460s] Level 1:colcon.colcon_core.shell:create_environment_hook('example', 'cmake_prefix_path')
[0.461s] INFO:colcon.colcon_core.shell:Creating environment hook '/home/nhmgs/d2lros2/chapt2/chapt2_ws/install/example/share/example/hook/cmake_prefix_path.ps1'
[0.461s] INFO:colcon.colcon_core.shell:Creating environment descriptor '/home/nhmgs/d2lros2/chapt2/chapt2_ws/install/example/share/example/hook/cmake_prefix_path.dsv'
[0.461s] INFO:colcon.colcon_core.shell:Creating environment hook '/home/nhmgs/d2lros2/chapt2/chapt2_ws/install/example/share/example/hook/cmake_prefix_path.sh'
[0.462s] Level 1:colcon.colcon_core.environment:checking '/home/nhmgs/d2lros2/chapt2/chapt2_ws/install/example/bin'
[0.462s] Level 1:colcon.colcon_core.environment:checking '/home/nhmgs/d2lros2/chapt2/chapt2_ws/install/example/lib/pkgconfig/example.pc'
[0.462s] Level 1:colcon.colcon_core.environment:checking '/home/nhmgs/d2lros2/chapt2/chapt2_ws/install/example/lib/python3.10/site-packages'
[0.462s] Level 1:colcon.colcon_core.environment:checking '/home/nhmgs/d2lros2/chapt2/chapt2_ws/install/example/bin'
[0.462s] INFO:colcon.colcon_core.shell:Creating package script '/home/nhmgs/d2lros2/chapt2/chapt2_ws/install/example/share/example/package.ps1'
[0.463s] INFO:colcon.colcon_core.shell:Creating package descriptor '/home/nhmgs/d2lros2/chapt2/chapt2_ws/install/example/share/example/package.dsv'
[0.463s] INFO:colcon.colcon_core.shell:Creating package script '/home/nhmgs/d2lros2/chapt2/chapt2_ws/install/example/share/example/package.sh'
[0.464s] INFO:colcon.colcon_core.shell:Creating package script '/home/nhmgs/d2lros2/chapt2/chapt2_ws/install/example/share/example/package.bash'
[0.464s] INFO:colcon.colcon_core.shell:Creating package script '/home/nhmgs/d2lros2/chapt2/chapt2_ws/install/example/share/example/package.zsh'
[0.465s] Level 1:colcon.colcon_core.environment:create_file_with_runtime_dependencies(/home/nhmgs/d2lros2/chapt2/chapt2_ws/install/example/share/colcon-core/packages/example)
[0.494s] Level 1:colcon.colcon_core.environment:create_environment_scripts_only(example)
[0.495s] Level 1:colcon.colcon_core.environment:checking '/home/nhmgs/d2lros2/chapt2/chapt2_ws/install/example' for CMake module files
[0.495s] Level 1:colcon.colcon_core.environment:checking '/home/nhmgs/d2lros2/chapt2/chapt2_ws/install/example' for CMake config files
[0.495s] Level 1:colcon.colcon_core.shell:create_environment_hook('example', 'cmake_prefix_path')
[0.495s] INFO:colcon.colcon_core.shell:Creating environment hook '/home/nhmgs/d2lros2/chapt2/chapt2_ws/install/example/share/example/hook/cmake_prefix_path.ps1'
[0.495s] INFO:colcon.colcon_core.shell:Creating environment descriptor '/home/nhmgs/d2lros2/chapt2/chapt2_ws/install/example/share/example/hook/cmake_prefix_path.dsv'
[0.496s] INFO:colcon.colcon_core.shell:Creating environment hook '/home/nhmgs/d2lros2/chapt2/chapt2_ws/install/example/share/example/hook/cmake_prefix_path.sh'
[0.496s] Level 1:colcon.colcon_core.environment:checking '/home/nhmgs/d2lros2/chapt2/chapt2_ws/install/example/bin'
[0.496s] Level 1:colcon.colcon_core.environment:checking '/home/nhmgs/d2lros2/chapt2/chapt2_ws/install/example/lib/pkgconfig/example.pc'
[0.496s] Level 1:colcon.colcon_core.environment:checking '/home/nhmgs/d2lros2/chapt2/chapt2_ws/install/example/lib/python3.10/site-packages'
[0.496s] Level 1:colcon.colcon_core.environment:checking '/home/nhmgs/d2lros2/chapt2/chapt2_ws/install/example/bin'
[0.497s] INFO:colcon.colcon_core.shell:Creating package script '/home/nhmgs/d2lros2/chapt2/chapt2_ws/install/example/share/example/package.ps1'
[0.500s] INFO:colcon.colcon_core.shell:Creating package descriptor '/home/nhmgs/d2lros2/chapt2/chapt2_ws/install/example/share/example/package.dsv'
[0.500s] INFO:colcon.colcon_core.shell:Creating package script '/home/nhmgs/d2lros2/chapt2/chapt2_ws/install/example/share/example/package.sh'
[0.500s] INFO:colcon.colcon_core.shell:Creating package script '/home/nhmgs/d2lros2/chapt2/chapt2_ws/install/example/share/example/package.bash'
[0.501s] INFO:colcon.colcon_core.shell:Creating package script '/home/nhmgs/d2lros2/chapt2/chapt2_ws/install/example/share/example/package.zsh'
[0.501s] Level 1:colcon.colcon_core.environment:create_file_with_runtime_dependencies(/home/nhmgs/d2lros2/chapt2/chapt2_ws/install/example/share/colcon-core/packages/example)
[3.812s] DEBUG:colcon.colcon_core.event_handler.log_command:Invoked command in '/home/nhmgs/d2lros2/chapt2/chapt2_ws/build/example_cpp' returned '0': CMAKE_PREFIX_PATH=/opt/ros/humble /usr/bin/cmake --build /home/nhmgs/d2lros2/chapt2/chapt2_ws/build/example_cpp -- -j12 -l12
[3.836s] DEBUG:colcon.colcon_core.event_handler.log_command:Invoking command in '/home/nhmgs/d2lros2/chapt2/chapt2_ws/build/example_cpp': CMAKE_PREFIX_PATH=/opt/ros/humble /usr/bin/cmake --install /home/nhmgs/d2lros2/chapt2/chapt2_ws/build/example_cpp
[3.845s] Level 1:colcon.colcon_core.environment:create_environment_scripts_only(example_cpp)
[3.846s] Level 1:colcon.colcon_core.environment:checking '/home/nhmgs/d2lros2/chapt2/chapt2_ws/install/example_cpp' for CMake module files
[3.846s] DEBUG:colcon.colcon_core.event_handler.log_command:Invoked command in '/home/nhmgs/d2lros2/chapt2/chapt2_ws/build/example_cpp' returned '0': CMAKE_PREFIX_PATH=/opt/ros/humble /usr/bin/cmake --install /home/nhmgs/d2lros2/chapt2/chapt2_ws/build/example_cpp
[3.849s] Level 1:colcon.colcon_core.environment:checking '/home/nhmgs/d2lros2/chapt2/chapt2_ws/install/example_cpp' for CMake config files
[3.850s] Level 1:colcon.colcon_core.shell:create_environment_hook('example_cpp', 'cmake_prefix_path')
[3.850s] INFO:colcon.colcon_core.shell:Creating environment hook '/home/nhmgs/d2lros2/chapt2/chapt2_ws/install/example_cpp/share/example_cpp/hook/cmake_prefix_path.ps1'
[3.850s] INFO:colcon.colcon_core.shell:Creating environment descriptor '/home/nhmgs/d2lros2/chapt2/chapt2_ws/install/example_cpp/share/example_cpp/hook/cmake_prefix_path.dsv'
[3.851s] INFO:colcon.colcon_core.shell:Creating environment hook '/home/nhmgs/d2lros2/chapt2/chapt2_ws/install/example_cpp/share/example_cpp/hook/cmake_prefix_path.sh'
[3.851s] Level 1:colcon.colcon_core.environment:checking '/home/nhmgs/d2lros2/chapt2/chapt2_ws/install/example_cpp/lib'
[3.851s] Level 1:colcon.colcon_core.environment:checking '/home/nhmgs/d2lros2/chapt2/chapt2_ws/install/example_cpp/bin'
[3.852s] Level 1:colcon.colcon_core.environment:checking '/home/nhmgs/d2lros2/chapt2/chapt2_ws/install/example_cpp/lib/pkgconfig/example_cpp.pc'
[3.852s] Level 1:colcon.colcon_core.environment:checking '/home/nhmgs/d2lros2/chapt2/chapt2_ws/install/example_cpp/lib/python3.10/site-packages'
[3.852s] Level 1:colcon.colcon_core.environment:checking '/home/nhmgs/d2lros2/chapt2/chapt2_ws/install/example_cpp/bin'
[3.852s] INFO:colcon.colcon_core.shell:Creating package script '/home/nhmgs/d2lros2/chapt2/chapt2_ws/install/example_cpp/share/example_cpp/package.ps1'
[3.853s] INFO:colcon.colcon_core.shell:Creating package descriptor '/home/nhmgs/d2lros2/chapt2/chapt2_ws/install/example_cpp/share/example_cpp/package.dsv'
[3.853s] INFO:colcon.colcon_core.shell:Creating package script '/home/nhmgs/d2lros2/chapt2/chapt2_ws/install/example_cpp/share/example_cpp/package.sh'
[3.853s] INFO:colcon.colcon_core.shell:Creating package script '/home/nhmgs/d2lros2/chapt2/chapt2_ws/install/example_cpp/share/example_cpp/package.bash'
[3.853s] INFO:colcon.colcon_core.shell:Creating package script '/home/nhmgs/d2lros2/chapt2/chapt2_ws/install/example_cpp/share/example_cpp/package.zsh'
[3.853s] Level 1:colcon.colcon_core.environment:create_file_with_runtime_dependencies(/home/nhmgs/d2lros2/chapt2/chapt2_ws/install/example_cpp/share/colcon-core/packages/example_cpp)
[3.873s] Level 1:colcon.colcon_core.environment:create_environment_scripts_only(example_cpp)
[3.873s] Level 1:colcon.colcon_core.environment:checking '/home/nhmgs/d2lros2/chapt2/chapt2_ws/install/example_cpp' for CMake module files
[3.873s] Level 1:colcon.colcon_core.environment:checking '/home/nhmgs/d2lros2/chapt2/chapt2_ws/install/example_cpp' for CMake config files
[3.874s] Level 1:colcon.colcon_core.shell:create_environment_hook('example_cpp', 'cmake_prefix_path')
[3.874s] INFO:colcon.colcon_core.shell:Creating environment hook '/home/nhmgs/d2lros2/chapt2/chapt2_ws/install/example_cpp/share/example_cpp/hook/cmake_prefix_path.ps1'
[3.874s] INFO:colcon.colcon_core.shell:Creating environment descriptor '/home/nhmgs/d2lros2/chapt2/chapt2_ws/install/example_cpp/share/example_cpp/hook/cmake_prefix_path.dsv'
[3.875s] INFO:colcon.colcon_core.shell:Creating environment hook '/home/nhmgs/d2lros2/chapt2/chapt2_ws/install/example_cpp/share/example_cpp/hook/cmake_prefix_path.sh'
[3.875s] Level 1:colcon.colcon_core.environment:checking '/home/nhmgs/d2lros2/chapt2/chapt2_ws/install/example_cpp/lib'
[3.875s] Level 1:colcon.colcon_core.environment:checking '/home/nhmgs/d2lros2/chapt2/chapt2_ws/install/example_cpp/bin'
[3.875s] Level 1:colcon.colcon_core.environment:checking '/home/nhmgs/d2lros2/chapt2/chapt2_ws/install/example_cpp/lib/pkgconfig/example_cpp.pc'
[3.875s] Level 1:colcon.colcon_core.environment:checking '/home/nhmgs/d2lros2/chapt2/chapt2_ws/install/example_cpp/lib/python3.10/site-packages'
[3.875s] Level 1:colcon.colcon_core.environment:checking '/home/nhmgs/d2lros2/chapt2/chapt2_ws/install/example_cpp/bin'
[3.876s] INFO:colcon.colcon_core.shell:Creating package script '/home/nhmgs/d2lros2/chapt2/chapt2_ws/install/example_cpp/share/example_cpp/package.ps1'
[3.876s] INFO:colcon.colcon_core.shell:Creating package descriptor '/home/nhmgs/d2lros2/chapt2/chapt2_ws/install/example_cpp/share/example_cpp/package.dsv'
[3.877s] INFO:colcon.colcon_core.shell:Creating package script '/home/nhmgs/d2lros2/chapt2/chapt2_ws/install/example_cpp/share/example_cpp/package.sh'
[3.879s] INFO:colcon.colcon_core.shell:Creating package script '/home/nhmgs/d2lros2/chapt2/chapt2_ws/install/example_cpp/share/example_cpp/package.bash'
[3.880s] INFO:colcon.colcon_core.shell:Creating package script '/home/nhmgs/d2lros2/chapt2/chapt2_ws/install/example_cpp/share/example_cpp/package.zsh'
[3.880s] Level 1:colcon.colcon_core.environment:create_file_with_runtime_dependencies(/home/nhmgs/d2lros2/chapt2/chapt2_ws/install/example_cpp/share/colcon-core/packages/example_cpp)
[3.881s] DEBUG:colcon.colcon_parallel_executor.executor.parallel:closing loop
[3.881s] DEBUG:colcon.colcon_parallel_executor.executor.parallel:loop closed
[3.882s] DEBUG:colcon.colcon_parallel_executor.executor.parallel:run_until_complete finished with '0'
[3.882s] DEBUG:colcon.colcon_core.event_reactor:joining thread
[3.921s] INFO:colcon.colcon_core.plugin_system:Skipping extension 'colcon_notification.desktop_notification.notify_send': Could not find 'notify-send'
[3.921s] INFO:colcon.colcon_core.plugin_system:Skipping extension 'colcon_notification.desktop_notification.terminal_notifier': Not used on non-Darwin systems
[3.921s] INFO:colcon.colcon_core.plugin_system:Skipping extension 'colcon_notification.desktop_notification.win32': Not used on non-Windows systems
[3.921s] INFO:colcon.colcon_notification.desktop_notification:Sending desktop notification using 'notify2'
[3.921s] DEBUG:colcon.colcon_notification.desktop_notification.notify2:Failed to initialize notify2: org.freedesktop.DBus.Error.FileNotFound: Failed to connect to socket /run/user/1000/bus: No such file or directory
[3.921s] DEBUG:colcon.colcon_core.event_reactor:joined thread
[3.922s] INFO:colcon.colcon_core.shell:Creating prefix script '/home/nhmgs/d2lros2/chapt2/chapt2_ws/install/local_setup.ps1'
[3.923s] INFO:colcon.colcon_core.shell:Creating prefix util module '/home/nhmgs/d2lros2/chapt2/chapt2_ws/install/_local_setup_util_ps1.py'
[3.924s] INFO:colcon.colcon_core.shell:Creating prefix chain script '/home/nhmgs/d2lros2/chapt2/chapt2_ws/install/setup.ps1'
[3.924s] INFO:colcon.colcon_core.shell:Creating prefix script '/home/nhmgs/d2lros2/chapt2/chapt2_ws/install/local_setup.sh'
[3.925s] INFO:colcon.colcon_core.shell:Creating prefix util module '/home/nhmgs/d2lros2/chapt2/chapt2_ws/install/_local_setup_util_sh.py'
[3.925s] INFO:colcon.colcon_core.shell:Creating prefix chain script '/home/nhmgs/d2lros2/chapt2/chapt2_ws/install/setup.sh'
[3.926s] INFO:colcon.colcon_core.shell:Creating prefix script '/home/nhmgs/d2lros2/chapt2/chapt2_ws/install/local_setup.bash'
[3.926s] INFO:colcon.colcon_core.shell:Creating prefix chain script '/home/nhmgs/d2lros2/chapt2/chapt2_ws/install/setup.bash'
[3.929s] INFO:colcon.colcon_core.shell:Creating prefix script '/home/nhmgs/d2lros2/chapt2/chapt2_ws/install/local_setup.zsh'
[3.930s] INFO:colcon.colcon_core.shell:Creating prefix chain script '/home/nhmgs/d2lros2/chapt2/chapt2_ws/install/setup.zsh'
