[0.228s] DEBUG:colcon:Command line arguments: ['/usr/bin/colcon', 'build']
[0.228s] DEBUG:colcon:Parsed command line arguments: Namespace(log_base=None, log_level=None, verb_name='build', build_base='build', install_base='install', merge_install=False, symlink_install=False, test_result_base=None, continue_on_error=False, executor='parallel', parallel_workers=12, event_handlers=None, ignore_user_meta=False, metas=['./colcon.meta'], base_paths=['.'], packages_ignore=None, packages_ignore_regex=None, paths=None, packages_up_to=None, packages_up_to_regex=None, packages_above=None, packages_above_and_dependencies=None, packages_above_depth=None, packages_select_by_dep=None, packages_skip_by_dep=None, packages_skip_up_to=None, packages_select_build_failed=False, packages_skip_build_finished=False, packages_select_test_failures=False, packages_skip_test_passed=False, packages_select=None, packages_skip=None, packages_select_regex=None, packages_skip_regex=None, packages_start=None, packages_end=None, allow_overriding=[], cmake_args=None, cmake_target=None, cmake_target_skip_unavailable=False, cmake_clean_cache=False, cmake_clean_first=False, cmake_force_configure=False, ament_cmake_args=None, catkin_cmake_args=None, catkin_skip_building_tests=False, verb_parser=<colcon_defaults.argument_parser.defaults.DefaultArgumentsDecorator object at 0x7f66095f34c0>, verb_extension=<colcon_core.verb.build.BuildVerb object at 0x7f66095f26b0>, main=<bound method BuildVerb.main of <colcon_core.verb.build.BuildVerb object at 0x7f66095f26b0>>)
[0.432s] Level 1:colcon.colcon_core.package_discovery:discover_packages(colcon_meta) check parameters
[0.432s] Level 1:colcon.colcon_core.package_discovery:discover_packages(recursive) check parameters
[0.432s] Level 1:colcon.colcon_core.package_discovery:discover_packages(ignore) check parameters
[0.432s] Level 1:colcon.colcon_core.package_discovery:discover_packages(path) check parameters
[0.432s] Level 1:colcon.colcon_core.package_discovery:discover_packages(colcon_meta) discover
[0.432s] Level 1:colcon.colcon_core.package_discovery:discover_packages(recursive) discover
[0.435s] INFO:colcon.colcon_core.package_discovery:Crawling recursively for packages in '/home/nhmgs/d2lros2/chapt2/chapt2_ws'
[0.435s] Level 1:colcon.colcon_core.package_identification:_identify(.) by extensions ['ignore', 'ignore_ament_install']
[0.435s] Level 1:colcon.colcon_core.package_identification:_identify(.) by extension 'ignore'
[0.435s] Level 1:colcon.colcon_core.package_identification:_identify(.) by extension 'ignore_ament_install'
[0.435s] Level 1:colcon.colcon_core.package_identification:_identify(.) by extensions ['colcon_pkg']
[0.435s] Level 1:colcon.colcon_core.package_identification:_identify(.) by extension 'colcon_pkg'
[0.435s] Level 1:colcon.colcon_core.package_identification:_identify(.) by extensions ['colcon_meta']
[0.435s] Level 1:colcon.colcon_core.package_identification:_identify(.) by extension 'colcon_meta'
[0.435s] Level 1:colcon.colcon_core.package_identification:_identify(.) by extensions ['ros']
[0.435s] Level 1:colcon.colcon_core.package_identification:_identify(.) by extension 'ros'
[0.447s] Level 1:colcon.colcon_core.package_identification:_identify(.) by extensions ['cmake', 'python']
[0.447s] Level 1:colcon.colcon_core.package_identification:_identify(.) by extension 'cmake'
[0.447s] Level 1:colcon.colcon_core.package_identification:_identify(.) by extension 'python'
[0.447s] Level 1:colcon.colcon_core.package_identification:_identify(.) by extensions ['python_setup_py']
[0.447s] Level 1:colcon.colcon_core.package_identification:_identify(.) by extension 'python_setup_py'
[0.447s] Level 1:colcon.colcon_core.package_identification:_identify(build) by extensions ['ignore', 'ignore_ament_install']
[0.447s] Level 1:colcon.colcon_core.package_identification:_identify(build) by extension 'ignore'
[0.447s] Level 1:colcon.colcon_core.package_identification:_identify(build) ignored
[0.448s] Level 1:colcon.colcon_core.package_identification:_identify(install) by extensions ['ignore', 'ignore_ament_install']
[0.448s] Level 1:colcon.colcon_core.package_identification:_identify(install) by extension 'ignore'
[0.448s] Level 1:colcon.colcon_core.package_identification:_identify(install) ignored
[0.448s] Level 1:colcon.colcon_core.package_identification:_identify(log) by extensions ['ignore', 'ignore_ament_install']
[0.448s] Level 1:colcon.colcon_core.package_identification:_identify(log) by extension 'ignore'
[0.448s] Level 1:colcon.colcon_core.package_identification:_identify(log) ignored
[0.448s] Level 1:colcon.colcon_core.package_identification:_identify(src) by extensions ['ignore', 'ignore_ament_install']
[0.448s] Level 1:colcon.colcon_core.package_identification:_identify(src) by extension 'ignore'
[0.448s] Level 1:colcon.colcon_core.package_identification:_identify(src) by extension 'ignore_ament_install'
[0.448s] Level 1:colcon.colcon_core.package_identification:_identify(src) by extensions ['colcon_pkg']
[0.448s] Level 1:colcon.colcon_core.package_identification:_identify(src) by extension 'colcon_pkg'
[0.448s] Level 1:colcon.colcon_core.package_identification:_identify(src) by extensions ['colcon_meta']
[0.448s] Level 1:colcon.colcon_core.package_identification:_identify(src) by extension 'colcon_meta'
[0.448s] Level 1:colcon.colcon_core.package_identification:_identify(src) by extensions ['ros']
[0.448s] Level 1:colcon.colcon_core.package_identification:_identify(src) by extension 'ros'
[0.448s] Level 1:colcon.colcon_core.package_identification:_identify(src) by extensions ['cmake', 'python']
[0.448s] Level 1:colcon.colcon_core.package_identification:_identify(src) by extension 'cmake'
[0.448s] Level 1:colcon.colcon_core.package_identification:_identify(src) by extension 'python'
[0.448s] Level 1:colcon.colcon_core.package_identification:_identify(src) by extensions ['python_setup_py']
[0.448s] Level 1:colcon.colcon_core.package_identification:_identify(src) by extension 'python_setup_py'
[0.448s] Level 1:colcon.colcon_core.package_identification:_identify(src/example) by extensions ['ignore', 'ignore_ament_install']
[0.448s] Level 1:colcon.colcon_core.package_identification:_identify(src/example) by extension 'ignore'
[0.448s] Level 1:colcon.colcon_core.package_identification:_identify(src/example) by extension 'ignore_ament_install'
[0.448s] Level 1:colcon.colcon_core.package_identification:_identify(src/example) by extensions ['colcon_pkg']
[0.448s] Level 1:colcon.colcon_core.package_identification:_identify(src/example) by extension 'colcon_pkg'
[0.448s] Level 1:colcon.colcon_core.package_identification:_identify(src/example) by extensions ['colcon_meta']
[0.448s] Level 1:colcon.colcon_core.package_identification:_identify(src/example) by extension 'colcon_meta'
[0.449s] Level 1:colcon.colcon_core.package_identification:_identify(src/example) by extensions ['ros']
[0.449s] Level 1:colcon.colcon_core.package_identification:_identify(src/example) by extension 'ros'
[0.455s] DEBUG:colcon.colcon_core.package_identification:Package 'src/example' with type 'ros.ament_cmake' and name 'example'
[0.455s] Level 1:colcon.colcon_core.package_identification:_identify(src/example_cpp) by extensions ['ignore', 'ignore_ament_install']
[0.455s] Level 1:colcon.colcon_core.package_identification:_identify(src/example_cpp) by extension 'ignore'
[0.455s] Level 1:colcon.colcon_core.package_identification:_identify(src/example_cpp) by extension 'ignore_ament_install'
[0.455s] Level 1:colcon.colcon_core.package_identification:_identify(src/example_cpp) by extensions ['colcon_pkg']
[0.455s] Level 1:colcon.colcon_core.package_identification:_identify(src/example_cpp) by extension 'colcon_pkg'
[0.455s] Level 1:colcon.colcon_core.package_identification:_identify(src/example_cpp) by extensions ['colcon_meta']
[0.455s] Level 1:colcon.colcon_core.package_identification:_identify(src/example_cpp) by extension 'colcon_meta'
[0.455s] Level 1:colcon.colcon_core.package_identification:_identify(src/example_cpp) by extensions ['ros']
[0.455s] Level 1:colcon.colcon_core.package_identification:_identify(src/example_cpp) by extension 'ros'
[0.456s] DEBUG:colcon.colcon_core.package_identification:Package 'src/example_cpp' with type 'ros.ament_cmake' and name 'example_cpp'
[0.456s] Level 1:colcon.colcon_core.package_discovery:discover_packages(recursive) using defaults
[0.456s] Level 1:colcon.colcon_core.package_discovery:discover_packages(ignore) discover
[0.456s] Level 1:colcon.colcon_core.package_discovery:discover_packages(ignore) using defaults
[0.456s] Level 1:colcon.colcon_core.package_discovery:discover_packages(path) discover
[0.456s] Level 1:colcon.colcon_core.package_discovery:discover_packages(path) using defaults
[0.488s] Level 1:colcon.colcon_core.package_discovery:discover_packages(prefix_path) check parameters
[0.488s] Level 1:colcon.colcon_core.package_discovery:discover_packages(prefix_path) discover
[0.492s] DEBUG:colcon.colcon_installed_package_information.package_discovery:Found 285 installed packages in /opt/ros/humble
[0.495s] Level 1:colcon.colcon_core.package_discovery:discover_packages(prefix_path) using defaults
[0.546s] Level 5:colcon.colcon_core.verb:set package 'example' build argument 'cmake_args' from command line to 'None'
[0.546s] Level 5:colcon.colcon_core.verb:set package 'example' build argument 'cmake_target' from command line to 'None'
[0.546s] Level 5:colcon.colcon_core.verb:set package 'example' build argument 'cmake_target_skip_unavailable' from command line to 'False'
[0.546s] Level 5:colcon.colcon_core.verb:set package 'example' build argument 'cmake_clean_cache' from command line to 'False'
[0.546s] Level 5:colcon.colcon_core.verb:set package 'example' build argument 'cmake_clean_first' from command line to 'False'
[0.546s] Level 5:colcon.colcon_core.verb:set package 'example' build argument 'cmake_force_configure' from command line to 'False'
[0.546s] Level 5:colcon.colcon_core.verb:set package 'example' build argument 'ament_cmake_args' from command line to 'None'
[0.546s] Level 5:colcon.colcon_core.verb:set package 'example' build argument 'catkin_cmake_args' from command line to 'None'
[0.546s] Level 5:colcon.colcon_core.verb:set package 'example' build argument 'catkin_skip_building_tests' from command line to 'False'
[0.546s] DEBUG:colcon.colcon_core.verb:Building package 'example' with the following arguments: {'ament_cmake_args': None, 'build_base': '/home/nhmgs/d2lros2/chapt2/chapt2_ws/build/example', 'catkin_cmake_args': None, 'catkin_skip_building_tests': False, 'cmake_args': None, 'cmake_clean_cache': False, 'cmake_clean_first': False, 'cmake_force_configure': False, 'cmake_target': None, 'cmake_target_skip_unavailable': False, 'install_base': '/home/nhmgs/d2lros2/chapt2/chapt2_ws/install/example', 'merge_install': False, 'path': '/home/nhmgs/d2lros2/chapt2/chapt2_ws/src/example', 'symlink_install': False, 'test_result_base': None}
[0.546s] Level 5:colcon.colcon_core.verb:set package 'example_cpp' build argument 'cmake_args' from command line to 'None'
[0.547s] Level 5:colcon.colcon_core.verb:set package 'example_cpp' build argument 'cmake_target' from command line to 'None'
[0.547s] Level 5:colcon.colcon_core.verb:set package 'example_cpp' build argument 'cmake_target_skip_unavailable' from command line to 'False'
[0.547s] Level 5:colcon.colcon_core.verb:set package 'example_cpp' build argument 'cmake_clean_cache' from command line to 'False'
[0.547s] Level 5:colcon.colcon_core.verb:set package 'example_cpp' build argument 'cmake_clean_first' from command line to 'False'
[0.547s] Level 5:colcon.colcon_core.verb:set package 'example_cpp' build argument 'cmake_force_configure' from command line to 'False'
[0.547s] Level 5:colcon.colcon_core.verb:set package 'example_cpp' build argument 'ament_cmake_args' from command line to 'None'
[0.547s] Level 5:colcon.colcon_core.verb:set package 'example_cpp' build argument 'catkin_cmake_args' from command line to 'None'
[0.547s] Level 5:colcon.colcon_core.verb:set package 'example_cpp' build argument 'catkin_skip_building_tests' from command line to 'False'
[0.547s] DEBUG:colcon.colcon_core.verb:Building package 'example_cpp' with the following arguments: {'ament_cmake_args': None, 'build_base': '/home/nhmgs/d2lros2/chapt2/chapt2_ws/build/example_cpp', 'catkin_cmake_args': None, 'catkin_skip_building_tests': False, 'cmake_args': None, 'cmake_clean_cache': False, 'cmake_clean_first': False, 'cmake_force_configure': False, 'cmake_target': None, 'cmake_target_skip_unavailable': False, 'install_base': '/home/nhmgs/d2lros2/chapt2/chapt2_ws/install/example_cpp', 'merge_install': False, 'path': '/home/nhmgs/d2lros2/chapt2/chapt2_ws/src/example_cpp', 'symlink_install': False, 'test_result_base': None}
[0.547s] INFO:colcon.colcon_core.executor:Executing jobs using 'parallel' executor
[0.548s] DEBUG:colcon.colcon_parallel_executor.executor.parallel:run_until_complete
[0.548s] INFO:colcon.colcon_ros.task.ament_cmake.build:Building ROS package in '/home/nhmgs/d2lros2/chapt2/chapt2_ws/src/example' with build type 'ament_cmake'
[0.549s] INFO:colcon.colcon_cmake.task.cmake.build:Building CMake package in '/home/nhmgs/d2lros2/chapt2/chapt2_ws/src/example'
[0.558s] INFO:colcon.colcon_core.plugin_system:Skipping extension 'colcon_core.shell.bat': Not used on non-Windows systems
[0.559s] INFO:colcon.colcon_core.shell:Skip shell extension 'powershell' for command environment: Not usable outside of PowerShell
[0.559s] DEBUG:colcon.colcon_core.shell:Skip shell extension 'dsv' for command environment
[0.565s] INFO:colcon.colcon_ros.task.ament_cmake.build:Building ROS package in '/home/nhmgs/d2lros2/chapt2/chapt2_ws/src/example_cpp' with build type 'ament_cmake'
[0.565s] INFO:colcon.colcon_cmake.task.cmake.build:Building CMake package in '/home/nhmgs/d2lros2/chapt2/chapt2_ws/src/example_cpp'
[0.565s] INFO:colcon.colcon_core.shell:Skip shell extension 'powershell' for command environment: Not usable outside of PowerShell
[0.565s] DEBUG:colcon.colcon_core.shell:Skip shell extension 'dsv' for command environment
[0.579s] DEBUG:colcon.colcon_core.event_handler.log_command:Invoking command in '/home/nhmgs/d2lros2/chapt2/chapt2_ws/build/example': CMAKE_PREFIX_PATH=/opt/ros/humble /usr/bin/cmake /home/nhmgs/d2lros2/chapt2/chapt2_ws/src/example -DCMAKE_INSTALL_PREFIX=/home/nhmgs/d2lros2/chapt2/chapt2_ws/install/example
[0.581s] DEBUG:colcon.colcon_core.event_handler.log_command:Invoking command in '/home/nhmgs/d2lros2/chapt2/chapt2_ws/build/example_cpp': CMAKE_PREFIX_PATH=/opt/ros/humble /usr/bin/cmake /home/nhmgs/d2lros2/chapt2/chapt2_ws/src/example_cpp -DCMAKE_INSTALL_PREFIX=/home/nhmgs/d2lros2/chapt2/chapt2_ws/install/example_cpp
[5.378s] DEBUG:colcon.colcon_core.event_handler.log_command:Invoked command in '/home/nhmgs/d2lros2/chapt2/chapt2_ws/build/example' returned '0': CMAKE_PREFIX_PATH=/opt/ros/humble /usr/bin/cmake /home/nhmgs/d2lros2/chapt2/chapt2_ws/src/example -DCMAKE_INSTALL_PREFIX=/home/nhmgs/d2lros2/chapt2/chapt2_ws/install/example
[5.381s] DEBUG:colcon.colcon_core.event_handler.log_command:Invoking command in '/home/nhmgs/d2lros2/chapt2/chapt2_ws/build/example': CMAKE_PREFIX_PATH=/opt/ros/humble /usr/bin/cmake --build /home/nhmgs/d2lros2/chapt2/chapt2_ws/build/example -- -j12 -l12
[5.395s] DEBUG:colcon.colcon_core.event_handler.log_command:Invoked command in '/home/nhmgs/d2lros2/chapt2/chapt2_ws/build/example_cpp' returned '0': CMAKE_PREFIX_PATH=/opt/ros/humble /usr/bin/cmake /home/nhmgs/d2lros2/chapt2/chapt2_ws/src/example_cpp -DCMAKE_INSTALL_PREFIX=/home/nhmgs/d2lros2/chapt2/chapt2_ws/install/example_cpp
[5.399s] DEBUG:colcon.colcon_core.event_handler.log_command:Invoking command in '/home/nhmgs/d2lros2/chapt2/chapt2_ws/build/example_cpp': CMAKE_PREFIX_PATH=/opt/ros/humble /usr/bin/cmake --build /home/nhmgs/d2lros2/chapt2/chapt2_ws/build/example_cpp -- -j12 -l12
[5.420s] DEBUG:colcon.colcon_core.event_handler.log_command:Invoked command in '/home/nhmgs/d2lros2/chapt2/chapt2_ws/build/example' returned '0': CMAKE_PREFIX_PATH=/opt/ros/humble /usr/bin/cmake --build /home/nhmgs/d2lros2/chapt2/chapt2_ws/build/example -- -j12 -l12
[5.445s] DEBUG:colcon.colcon_core.event_handler.log_command:Invoking command in '/home/nhmgs/d2lros2/chapt2/chapt2_ws/build/example': CMAKE_PREFIX_PATH=/opt/ros/humble /usr/bin/cmake --install /home/nhmgs/d2lros2/chapt2/chapt2_ws/build/example
[5.468s] Level 1:colcon.colcon_core.environment:create_environment_scripts_only(example)
[5.469s] DEBUG:colcon.colcon_core.event_handler.log_command:Invoked command in '/home/nhmgs/d2lros2/chapt2/chapt2_ws/build/example' returned '0': CMAKE_PREFIX_PATH=/opt/ros/humble /usr/bin/cmake --install /home/nhmgs/d2lros2/chapt2/chapt2_ws/build/example
[5.471s] Level 1:colcon.colcon_core.environment:checking '/home/nhmgs/d2lros2/chapt2/chapt2_ws/install/example' for CMake module files
[5.472s] Level 1:colcon.colcon_core.environment:checking '/home/nhmgs/d2lros2/chapt2/chapt2_ws/install/example' for CMake config files
[5.472s] Level 1:colcon.colcon_core.shell:create_environment_hook('example', 'cmake_prefix_path')
[5.472s] INFO:colcon.colcon_core.shell:Creating environment hook '/home/nhmgs/d2lros2/chapt2/chapt2_ws/install/example/share/example/hook/cmake_prefix_path.ps1'
[5.475s] INFO:colcon.colcon_core.shell:Creating environment descriptor '/home/nhmgs/d2lros2/chapt2/chapt2_ws/install/example/share/example/hook/cmake_prefix_path.dsv'
[5.476s] INFO:colcon.colcon_core.shell:Creating environment hook '/home/nhmgs/d2lros2/chapt2/chapt2_ws/install/example/share/example/hook/cmake_prefix_path.sh'
[5.477s] Level 1:colcon.colcon_core.environment:checking '/home/nhmgs/d2lros2/chapt2/chapt2_ws/install/example/bin'
[5.478s] Level 1:colcon.colcon_core.environment:checking '/home/nhmgs/d2lros2/chapt2/chapt2_ws/install/example/lib/pkgconfig/example.pc'
[5.478s] Level 1:colcon.colcon_core.environment:checking '/home/nhmgs/d2lros2/chapt2/chapt2_ws/install/example/lib/python3.10/site-packages'
[5.478s] Level 1:colcon.colcon_core.environment:checking '/home/nhmgs/d2lros2/chapt2/chapt2_ws/install/example/bin'
[5.478s] INFO:colcon.colcon_core.shell:Creating package script '/home/nhmgs/d2lros2/chapt2/chapt2_ws/install/example/share/example/package.ps1'
[5.480s] INFO:colcon.colcon_core.shell:Creating package descriptor '/home/nhmgs/d2lros2/chapt2/chapt2_ws/install/example/share/example/package.dsv'
[5.480s] INFO:colcon.colcon_core.shell:Creating package script '/home/nhmgs/d2lros2/chapt2/chapt2_ws/install/example/share/example/package.sh'
[5.481s] INFO:colcon.colcon_core.shell:Creating package script '/home/nhmgs/d2lros2/chapt2/chapt2_ws/install/example/share/example/package.bash'
[5.481s] INFO:colcon.colcon_core.shell:Creating package script '/home/nhmgs/d2lros2/chapt2/chapt2_ws/install/example/share/example/package.zsh'
[5.485s] Level 1:colcon.colcon_core.environment:create_file_with_runtime_dependencies(/home/nhmgs/d2lros2/chapt2/chapt2_ws/install/example/share/colcon-core/packages/example)
[5.511s] Level 1:colcon.colcon_core.environment:create_environment_scripts_only(example)
[5.511s] Level 1:colcon.colcon_core.environment:checking '/home/nhmgs/d2lros2/chapt2/chapt2_ws/install/example' for CMake module files
[5.511s] Level 1:colcon.colcon_core.environment:checking '/home/nhmgs/d2lros2/chapt2/chapt2_ws/install/example' for CMake config files
[5.512s] Level 1:colcon.colcon_core.shell:create_environment_hook('example', 'cmake_prefix_path')
[5.514s] INFO:colcon.colcon_core.shell:Creating environment hook '/home/nhmgs/d2lros2/chapt2/chapt2_ws/install/example/share/example/hook/cmake_prefix_path.ps1'
[5.516s] INFO:colcon.colcon_core.shell:Creating environment descriptor '/home/nhmgs/d2lros2/chapt2/chapt2_ws/install/example/share/example/hook/cmake_prefix_path.dsv'
[5.516s] INFO:colcon.colcon_core.shell:Creating environment hook '/home/nhmgs/d2lros2/chapt2/chapt2_ws/install/example/share/example/hook/cmake_prefix_path.sh'
[5.517s] Level 1:colcon.colcon_core.environment:checking '/home/nhmgs/d2lros2/chapt2/chapt2_ws/install/example/bin'
[5.517s] Level 1:colcon.colcon_core.environment:checking '/home/nhmgs/d2lros2/chapt2/chapt2_ws/install/example/lib/pkgconfig/example.pc'
[5.517s] Level 1:colcon.colcon_core.environment:checking '/home/nhmgs/d2lros2/chapt2/chapt2_ws/install/example/lib/python3.10/site-packages'
[5.517s] Level 1:colcon.colcon_core.environment:checking '/home/nhmgs/d2lros2/chapt2/chapt2_ws/install/example/bin'
[5.517s] INFO:colcon.colcon_core.shell:Creating package script '/home/nhmgs/d2lros2/chapt2/chapt2_ws/install/example/share/example/package.ps1'
[5.518s] INFO:colcon.colcon_core.shell:Creating package descriptor '/home/nhmgs/d2lros2/chapt2/chapt2_ws/install/example/share/example/package.dsv'
[5.518s] INFO:colcon.colcon_core.shell:Creating package script '/home/nhmgs/d2lros2/chapt2/chapt2_ws/install/example/share/example/package.sh'
[5.518s] INFO:colcon.colcon_core.shell:Creating package script '/home/nhmgs/d2lros2/chapt2/chapt2_ws/install/example/share/example/package.bash'
[5.518s] INFO:colcon.colcon_core.shell:Creating package script '/home/nhmgs/d2lros2/chapt2/chapt2_ws/install/example/share/example/package.zsh'
[5.518s] Level 1:colcon.colcon_core.environment:create_file_with_runtime_dependencies(/home/nhmgs/d2lros2/chapt2/chapt2_ws/install/example/share/colcon-core/packages/example)
[8.829s] DEBUG:colcon.colcon_core.event_handler.log_command:Invoked command in '/home/nhmgs/d2lros2/chapt2/chapt2_ws/build/example_cpp' returned '2': CMAKE_PREFIX_PATH=/opt/ros/humble /usr/bin/cmake --build /home/nhmgs/d2lros2/chapt2/chapt2_ws/build/example_cpp -- -j12 -l12
[8.849s] Level 1:colcon.colcon_core.environment:create_environment_scripts_only(example_cpp)
[8.849s] Level 1:colcon.colcon_core.environment:checking '/home/nhmgs/d2lros2/chapt2/chapt2_ws/install/example_cpp' for CMake module files
[8.850s] Level 1:colcon.colcon_core.environment:checking '/home/nhmgs/d2lros2/chapt2/chapt2_ws/install/example_cpp' for CMake config files
[8.850s] Level 1:colcon.colcon_core.environment:checking '/home/nhmgs/d2lros2/chapt2/chapt2_ws/install/example_cpp/bin'
[8.850s] Level 1:colcon.colcon_core.environment:checking '/home/nhmgs/d2lros2/chapt2/chapt2_ws/install/example_cpp/lib/pkgconfig/example_cpp.pc'
[8.850s] Level 1:colcon.colcon_core.environment:checking '/home/nhmgs/d2lros2/chapt2/chapt2_ws/install/example_cpp/lib/python3.10/site-packages'
[8.850s] Level 1:colcon.colcon_core.environment:checking '/home/nhmgs/d2lros2/chapt2/chapt2_ws/install/example_cpp/bin'
[8.851s] INFO:colcon.colcon_core.shell:Creating package script '/home/nhmgs/d2lros2/chapt2/chapt2_ws/install/example_cpp/share/example_cpp/package.ps1'
[8.852s] INFO:colcon.colcon_core.shell:Creating package descriptor '/home/nhmgs/d2lros2/chapt2/chapt2_ws/install/example_cpp/share/example_cpp/package.dsv'
[8.855s] INFO:colcon.colcon_core.shell:Creating package script '/home/nhmgs/d2lros2/chapt2/chapt2_ws/install/example_cpp/share/example_cpp/package.sh'
[8.855s] INFO:colcon.colcon_core.shell:Creating package script '/home/nhmgs/d2lros2/chapt2/chapt2_ws/install/example_cpp/share/example_cpp/package.bash'
[8.855s] INFO:colcon.colcon_core.shell:Creating package script '/home/nhmgs/d2lros2/chapt2/chapt2_ws/install/example_cpp/share/example_cpp/package.zsh'
[8.856s] Level 1:colcon.colcon_core.environment:create_file_with_runtime_dependencies(/home/nhmgs/d2lros2/chapt2/chapt2_ws/install/example_cpp/share/colcon-core/packages/example_cpp)
[8.866s] DEBUG:colcon.colcon_parallel_executor.executor.parallel:closing loop
[8.867s] DEBUG:colcon.colcon_parallel_executor.executor.parallel:loop closed
[8.867s] DEBUG:colcon.colcon_parallel_executor.executor.parallel:run_until_complete finished with '2'
[8.867s] DEBUG:colcon.colcon_core.event_reactor:joining thread
[8.922s] INFO:colcon.colcon_core.plugin_system:Skipping extension 'colcon_notification.desktop_notification.notify_send': Could not find 'notify-send'
[8.922s] INFO:colcon.colcon_core.plugin_system:Skipping extension 'colcon_notification.desktop_notification.terminal_notifier': Not used on non-Darwin systems
[8.922s] INFO:colcon.colcon_core.plugin_system:Skipping extension 'colcon_notification.desktop_notification.win32': Not used on non-Windows systems
[8.922s] INFO:colcon.colcon_notification.desktop_notification:Sending desktop notification using 'notify2'
[8.922s] DEBUG:colcon.colcon_notification.desktop_notification.notify2:Failed to initialize notify2: org.freedesktop.DBus.Error.FileNotFound: Failed to connect to socket /run/user/1000/bus: No such file or directory
[8.924s] DEBUG:colcon.colcon_core.event_reactor:joined thread
[8.925s] INFO:colcon.colcon_core.shell:Creating prefix script '/home/nhmgs/d2lros2/chapt2/chapt2_ws/install/local_setup.ps1'
[8.925s] INFO:colcon.colcon_core.shell:Creating prefix util module '/home/nhmgs/d2lros2/chapt2/chapt2_ws/install/_local_setup_util_ps1.py'
[8.926s] INFO:colcon.colcon_core.shell:Creating prefix chain script '/home/nhmgs/d2lros2/chapt2/chapt2_ws/install/setup.ps1'
[8.928s] INFO:colcon.colcon_core.shell:Creating prefix script '/home/nhmgs/d2lros2/chapt2/chapt2_ws/install/local_setup.sh'
[8.928s] INFO:colcon.colcon_core.shell:Creating prefix util module '/home/nhmgs/d2lros2/chapt2/chapt2_ws/install/_local_setup_util_sh.py'
[8.929s] INFO:colcon.colcon_core.shell:Creating prefix chain script '/home/nhmgs/d2lros2/chapt2/chapt2_ws/install/setup.sh'
[8.929s] INFO:colcon.colcon_core.shell:Creating prefix script '/home/nhmgs/d2lros2/chapt2/chapt2_ws/install/local_setup.bash'
[8.929s] INFO:colcon.colcon_core.shell:Creating prefix chain script '/home/nhmgs/d2lros2/chapt2/chapt2_ws/install/setup.bash'
[8.930s] INFO:colcon.colcon_core.shell:Creating prefix script '/home/nhmgs/d2lros2/chapt2/chapt2_ws/install/local_setup.zsh'
[8.930s] INFO:colcon.colcon_core.shell:Creating prefix chain script '/home/nhmgs/d2lros2/chapt2/chapt2_ws/install/setup.zsh'
